Log file open, 01/26/18 19:48:47
LogWindows: Failed to load 'aqProf.dll' (GetLastError=126)
LogWindows: File 'aqProf.dll' does not exist
LogWindows: Failed to load 'VSPerf140.dll' (GetLastError=126)
LogWindows: File 'VSPerf140.dll' does not exist
LogWindows: Failed to load 'VtuneApi.dll' (GetLastError=126)
LogWindows: File 'VtuneApi.dll' does not exist
LogWindows: Failed to load 'VtuneApi32e.dll' (GetLastError=126)
LogWindows: File 'VtuneApi32e.dll' does not exist
LogInit: Display: Running engine for game: Prototype4
LogPlatformFile: Not using cached read wrapper
LogInit: Display: RandInit(1990649224) SRandInit(1990649224).
LogTaskGraph: Started task graph with 5 named threads and 14 total threads with 3 sets of task threads.
LogStats: Stats thread started at 0.238331
LogD3D11RHI: Aftermath initialized
LogPluginManager: Mounting plugin Paper2D
LogPluginManager: Mounting plugin LightPropagationVolume
LogPluginManager: Mounting plugin CodeLiteSourceCodeAccess
LogPluginManager: Mounting plugin GitSourceControl
LogPluginManager: Mounting plugin KDevelopSourceCodeAccess
LogPluginManager: Mounting plugin NullSourceCodeAccess
LogPluginManager: Mounting plugin PerforceSourceControl
LogPluginManager: Mounting plugin SubversionSourceControl
LogPluginManager: Mounting plugin UObjectPlugin
LogPluginManager: Mounting plugin VisualStudioSourceCodeAccess
LogPluginManager: Mounting plugin XCodeSourceCodeAccess
LogPluginManager: Mounting plugin AssetManagerEditor
LogPluginManager: Mounting plugin AudioCapture
LogPluginManager: Mounting plugin FacialAnimation
LogPluginManager: Mounting plugin GameplayTagsEditor
LogPluginManager: Mounting plugin MobileLauncherProfileWizard
LogPluginManager: Mounting plugin PluginBrowser
LogPluginManager: Mounting plugin SpeedTreeImporter
LogPluginManager: Mounting plugin AlembicImporter
LogPluginManager: Mounting plugin CharacterAI
LogPluginManager: Mounting plugin HTML5Networking
LogPluginManager: Mounting plugin AndroidMedia
LogPluginManager: Mounting plugin AvfMedia
LogPluginManager: Mounting plugin MediaPlayerEditor
LogPluginManager: Mounting plugin WmfMedia
LogPluginManager: Mounting plugin TcpMessaging
LogPluginManager: Mounting plugin UdpMessaging
LogPluginManager: Mounting plugin LevelSequenceEditor
LogPluginManager: Mounting plugin MatineeToLevelSequence
LogPluginManager: Mounting plugin OnlineSubsystemGooglePlay
LogPluginManager: Mounting plugin OnlineSubsystemIOS
LogPluginManager: Mounting plugin OnlineSubsystem
LogPluginManager: Mounting plugin OnlineSubsystemNull
LogPluginManager: Mounting plugin OnlineSubsystemUtils
LogPluginManager: Mounting plugin AndroidDeviceProfileSelector
LogPluginManager: Mounting plugin AndroidMoviePlayer
LogPluginManager: Mounting plugin AndroidPermission
LogPluginManager: Mounting plugin AppleMoviePlayer
LogPluginManager: Mounting plugin ArchVisCharacter
LogPluginManager: Mounting plugin CableComponent
LogPluginManager: Mounting plugin CustomMeshComponent
LogPluginManager: Mounting plugin ExampleDeviceProfileSelector
LogPluginManager: Mounting plugin GoogleCloudMessaging
LogPluginManager: Mounting plugin ImmediatePhysics
LogPluginManager: Mounting plugin IOSDeviceProfileSelector
LogPluginManager: Mounting plugin LinuxDeviceProfileSelector
LogPluginManager: Mounting plugin LocationServicesBPLibrary
LogPluginManager: Mounting plugin MobilePatchingUtils
LogPluginManager: Mounting plugin OculusVR
LogPluginManager: Mounting plugin PhysXVehicles
LogPluginManager: Mounting plugin ProceduralMeshComponent
LogPluginManager: Mounting plugin RuntimePhysXCooking
LogPluginManager: Mounting plugin SteamVR
LogPluginManager: Mounting plugin WindowsMoviePlayer
LogInit: Using libcurl 7.47.1
LogInit:  - built for x86_64-pc-win32
LogInit:  - supports SSL with OpenSSL/1.0.2g
LogInit:  - supports HTTP deflate (compression) using libz 1.2.8
LogInit:  - other features:
LogInit:      CURL_VERSION_SSL
LogInit:      CURL_VERSION_LIBZ
LogInit:      CURL_VERSION_IPV6
LogInit:      CURL_VERSION_ASYNCHDNS
LogInit:      CURL_VERSION_LARGEFILE
LogInit:      CURL_VERSION_IDN
LogInit:  CurlRequestOptions (configurable via config and command line):
LogInit:  - bVerifyPeer = false  - Libcurl will NOT verify peer certificate
LogInit:  - bUseHttpProxy = false  - Libcurl will NOT use HTTP proxy
LogInit:  - bDontReuseConnections = false  - Libcurl will reuse connections
LogInit:  - CertBundlePath = nullptr  - Libcurl will use whatever was configured at build time.
LogInit: Build: ++UE4+Release-4.17-CL-3658906
LogInit: Engine Version: 4.17.2-3658906+++UE4+Release-4.17
LogInit: Compatible Engine Version: 4.17.0-3573198+++UE4+Release-4.17
LogInit: Net CL: 3573198
LogDevObjectVersion: Number of dev versions registered: 16
LogDevObjectVersion:   Dev-Blueprints (B0D832E4-1F89-4F0D-ACCF-7EB736FD4AA2): 10
LogDevObjectVersion:   Dev-Build (E1C64328-A22C-4D53-A36C-8E866417BD8C): 0
LogDevObjectVersion:   Dev-Core (375EC13C-06E4-48FB-B500-84F0262A717E): 2
LogDevObjectVersion:   Dev-Editor (E4B068ED-F494-42E9-A231-DA0B2E46BB41): 20
LogDevObjectVersion:   Dev-Framework (CFFC743F-43B0-4480-9391-14DF171D2073): 28
LogDevObjectVersion:   Dev-Mobile (B02B49B5-BB20-44E9-A304-32B752E40360): 0
LogDevObjectVersion:   Dev-Networking (A4E4105C-59A1-49B5-A7C5-40C4547EDFEE): 0
LogDevObjectVersion:   Dev-Online (39C831C9-5AE6-47DC-9A44-9C173E1C8E7C): 0
LogDevObjectVersion:   Dev-Physics (78F01B33-EBEA-4F98-B9B4-84EACCB95AA2): 0
LogDevObjectVersion:   Dev-Platform (6631380F-2D4D-43E0-8009-CF276956A95A): 0
LogDevObjectVersion:   Dev-Rendering (12F88B9F-8875-4AFC-A67C-D90C383ABD29): 19
LogDevObjectVersion:   Dev-Sequencer (7B5AE74C-D270-4C10-A958-57980B212A5A): 4
LogDevObjectVersion:   Dev-VR (D7296918-1DD6-4BDD-9DE2-64A83CC13884): 0
LogDevObjectVersion:   Dev-LoadTimes (C2A15278-BFE7-4AFE-6C17-90FF531DF755): 1
LogDevObjectVersion:   Private-Geometry (6EACA3D4-40EC-4CC1-B786-8BED09428FC5): 1
LogDevObjectVersion:   Dev-AnimPhys (29E575DD-E0A3-4627-9D10-D276232CDCEA): 7
LogInit: Compiled (64-bit): Sep 22 2017 13:47:16
LogInit: Compiled with Visual C++: 19.00.24215.01
LogInit: Build Configuration: Development
LogInit: Branch Name: ++UE4+Release-4.17
LogInit: Command line:  
LogInit: Base directory: C:/Epic/UE4/UE_4.17/Engine/Binaries/Win64/
LogInit: Installed Engine Build: 1
LogInit: Presizing for max 8388607 objects, including 0 objects not considered by GC, pre-allocating 0 bytes for permanent pool.
LogInit: Object subsystem initialized
[2018.01.26-19.48.50:189][  0]LogInit: Selected Device Profile: [Windows]
[2018.01.26-19.48.50:189][  0]LogInit: Applying CVar settings loaded from the selected device profile: [Windows]
[2018.01.26-19.48.50:216][  0]LogInit: Computer: D102-15
[2018.01.26-19.48.50:216][  0]LogInit: User: b020497g
[2018.01.26-19.48.50:216][  0]LogInit: CPU Page size=4096, Cores=4
[2018.01.26-19.48.50:216][  0]LogInit: High frequency timer resolution =3.507175 MHz
[2018.01.26-19.48.50:216][  0]LogMemory: Memory total: Physical=15.9GB (16GB approx)
[2018.01.26-19.48.50:216][  0]LogMemory: Platform Memory Stats for Windows
[2018.01.26-19.48.50:216][  0]LogMemory: Process Physical Memory: 279.65 MB used, 279.65 MB peak
[2018.01.26-19.48.50:216][  0]LogMemory: Process Virtual Memory: 282.52 MB used, 282.52 MB peak
[2018.01.26-19.48.50:216][  0]LogMemory: Physical Memory: 7472.66 MB used,  8835.21 MB free, 16307.88 MB total
[2018.01.26-19.48.50:216][  0]LogMemory: Virtual Memory: 677.30 MB used,  8835.21 MB free, 134217728.00 MB total
[2018.01.26-19.48.50:911][  0]LogInit: Using OS detected language (en-US).
[2018.01.26-19.48.50:911][  0]LogInit: Using OS detected locale (en-GB).
[2018.01.26-19.48.51:011][  0]LogTextLocalizationManager: No specific localization for 'en-US' exists, so the 'en' localization will be used.
[2018.01.26-19.48.54:542][  0]LogD3D11RHI: D3D11 adapters:
[2018.01.26-19.48.54:583][  0]LogD3D11RHI:    0. 'NVIDIA GeForce GTX 760' (Feature Level 11_0)
[2018.01.26-19.48.54:583][  0]LogD3D11RHI:       2017/0/8153 MB DedicatedVideo/DedicatedSystem/SharedSystem, Outputs:2, VendorId:0x10de
[2018.01.26-19.48.54:584][  0]LogD3D11RHI:    1. 'Microsoft Basic Render Driver' (Feature Level 11_0)
[2018.01.26-19.48.54:584][  0]LogD3D11RHI:       0/0/8153 MB DedicatedVideo/DedicatedSystem/SharedSystem, Outputs:0, VendorId:0x1414
[2018.01.26-19.48.54:584][  0]LogD3D11RHI: Chosen D3D11 Adapter: 0
[2018.01.26-19.48.54:591][  0]LogD3D11RHI: Creating new Direct3DDevice
[2018.01.26-19.48.54:591][  0]LogD3D11RHI:     GPU DeviceId: 0x1187 (for the marketing name, search the web for "GPU Device Id")
[2018.01.26-19.48.54:591][  0]LogWindows: EnumDisplayDevices:
[2018.01.26-19.48.54:591][  0]LogWindows:    0. 'NVIDIA GeForce GTX 760' (P:1 D:1)
[2018.01.26-19.48.54:591][  0]LogWindows:    1. 'NVIDIA GeForce GTX 760' (P:0 D:1)
[2018.01.26-19.48.54:591][  0]LogWindows:    2. 'NVIDIA GeForce GTX 760' (P:0 D:0)
[2018.01.26-19.48.54:592][  0]LogWindows:    3. 'NVIDIA GeForce GTX 760' (P:0 D:0)
[2018.01.26-19.48.54:592][  0]LogWindows: DebugString: FoundDriverCount:4 
[2018.01.26-19.48.54:592][  0]LogD3D11RHI:     Adapter Name: NVIDIA GeForce GTX 760
[2018.01.26-19.48.54:592][  0]LogD3D11RHI:   Driver Version: 384.76 (internal:22.21.13.8476, unified:384.76)
[2018.01.26-19.48.54:592][  0]LogD3D11RHI:      Driver Date: 6-27-2017
[2018.01.26-19.48.54:592][  0]LogRHI: Texture pool is 1361 MB (70% of 1945 MB)
[2018.01.26-19.48.54:620][  0]LogD3D11RHI: Async texture creation enabled
[2018.01.26-19.48.54:638][  0]LogD3D11RHI: GPU Timing Frequency: 1000.000000 (Debug: 2 2)
[2018.01.26-19.48.54:642][  0]LogShaderCompilers: Guid format shader working directory is -12 characters bigger than the processId version (../../../../../../Users/b020497g/Documents/GitHub/Prototype4/Intermediate/Shaders/WorkingDirectory/16680/).
[2018.01.26-19.48.54:642][  0]LogShaderCompilers: Cleaned the shader compiler working directory 'C:/Users/b020497g/AppData/Local/Temp/UnrealShaderWorkingDir/4C04178744107101835ECD9AECAD0237/'.
[2018.01.26-19.48.54:642][  0]LogShaderCompilers: Display: Using Local Shader Compiler.
[2018.01.26-19.48.57:460][  0]LogTemp: Display: Loaded TP AllDesktopTargetPlatform
[2018.01.26-19.48.57:637][  0]LogTemp: Display: Loaded TP MacClientTargetPlatform
[2018.01.26-19.48.57:813][  0]LogTemp: Display: Loaded TP MacNoEditorTargetPlatform
[2018.01.26-19.48.57:993][  0]LogTemp: Display: Loaded TP MacServerTargetPlatform
[2018.01.26-19.48.58:163][  0]LogTemp: Display: Loaded TP MacTargetPlatform
[2018.01.26-19.48.58:347][  0]LogTemp: Display: Loaded TP WindowsClientTargetPlatform
[2018.01.26-19.48.58:536][  0]LogTemp: Display: Loaded TP WindowsNoEditorTargetPlatform
[2018.01.26-19.48.58:731][  0]LogTemp: Display: Loaded TP WindowsServerTargetPlatform
[2018.01.26-19.48.59:077][  0]LogTemp: Display: Loaded TP WindowsTargetPlatform
[2018.01.26-19.48.59:286][  0]LogTemp: Display: Loaded TP AndroidTargetPlatform
[2018.01.26-19.48.59:654][  0]LogTemp: Display: Loaded TP Android_ASTCTargetPlatform
[2018.01.26-19.48.59:866][  0]LogTemp: Display: Loaded TP Android_ATCTargetPlatform
[2018.01.26-19.49.00:196][  0]LogTemp: Display: Loaded TP Android_DXTTargetPlatform
[2018.01.26-19.49.00:527][  0]LogTemp: Display: Loaded TP Android_ETC1TargetPlatform
[2018.01.26-19.49.00:831][  0]LogTemp: Display: Loaded TP Android_ETC2TargetPlatform
[2018.01.26-19.49.01:751][  0]LogTemp: Display: Loaded TP Android_MultiTargetPlatform
[2018.01.26-19.49.01:751][  0]LogTemp: Display: Loaded TP Android_PVRTCTargetPlatform
[2018.01.26-19.49.01:985][  0]LogTemp: Display: Loaded TP HTML5TargetPlatform
[2018.01.26-19.49.02:516][  0]LogTemp: Display: Loaded TP IOSTargetPlatform
[2018.01.26-19.49.02:767][  0]LogTemp: Display: Loaded TP TVOSTargetPlatform
[2018.01.26-19.49.03:155][  0]LogTemp: Display: Loaded TP LinuxClientTargetPlatform
[2018.01.26-19.49.03:527][  0]LogTemp: Display: Loaded TP LinuxNoEditorTargetPlatform
[2018.01.26-19.49.03:959][  0]LogTemp: Display: Loaded TP LinuxServerTargetPlatform
[2018.01.26-19.49.04:287][  0]LogTemp: Display: Loaded TP LinuxTargetPlatform
[2018.01.26-19.49.04:288][  0]LogTargetPlatformManager: Display: Building Assets For Windows
[2018.01.26-19.49.06:627][  0]LogDerivedDataCache: Display: Max Cache Size: 512 MB
[2018.01.26-19.49.07:138][  0]LogDerivedDataCache: Loaded boot cache 0.51s 93MB C:/Users/b020497g/AppData/Local/UnrealEngine/4.17/DerivedDataCache/Boot.ddc.
[2018.01.26-19.49.07:138][  0]LogDerivedDataCache: Display: Loaded Boot cache: C:/Users/b020497g/AppData/Local/UnrealEngine/4.17/DerivedDataCache/Boot.ddc
[2018.01.26-19.49.07:138][  0]LogDerivedDataCache: FDerivedDataBackendGraph:  Pak pak cache file ../../../../../../Users/b020497g/Documents/GitHub/Prototype4/DerivedDataCache/DDC.ddp not found, will not use a pak cache.
[2018.01.26-19.49.07:138][  0]LogDerivedDataCache: Unable to find inner node Pak for hierarchical cache Hierarchy.
[2018.01.26-19.49.07:139][  0]LogDerivedDataCache: FDerivedDataBackendGraph:  CompressedPak pak cache file ../../../../../../Users/b020497g/Documents/GitHub/Prototype4/DerivedDataCache/Compressed.ddp not found, will not use a pak cache.
[2018.01.26-19.49.07:139][  0]LogDerivedDataCache: Unable to find inner node CompressedPak for hierarchical cache Hierarchy.
[2018.01.26-19.49.07:156][  0]LogDerivedDataCache: Display: Pak cache opened for reading ../../../Engine/DerivedDataCache/Compressed.ddp.
[2018.01.26-19.49.07:168][  0]LogDerivedDataCache: Using Local data cache path C:/Users/b020497g/AppData/Local/UnrealEngine/Common/DerivedDataCache: Writable
[2018.01.26-19.49.07:181][  0]LogMaterial: Verifying Global Shaders for PCD3D_SM5
[2018.01.26-19.49.07:181][  0]LogSlate: Using Freetype 2.6.0
[2018.01.26-19.49.07:514][  0]LogSlate: SlateFontCache - WITH_FREETYPE: 1, WITH_HARFBUZZ: 1
[2018.01.26-19.49.07:514][  0]LogSlate: SlateFontCache - WITH_FREETYPE: 1, WITH_HARFBUZZ: 1
[2018.01.26-19.49.09:380][  0]LogAssetRegistry: FAssetRegistry took 0.0286 seconds to start up
[2018.01.26-19.49.09:702][  0]LogInit: Selected Device Profile: [Windows]
[2018.01.26-19.49.10:024][  0]LogContentStreaming: Texture pool size is 0.00 MB
[2018.01.26-19.49.12:084][  0]LogSimplygon: Simplygon DLL not present - disabling.
[2018.01.26-19.49.12:354][  0]LogMeshReduction: Using SimplygonSwarm for distributed automatic mesh merging
[2018.01.26-19.49.12:354][  0]LogMeshReduction: Using QuadricMeshReduction for automatic static mesh reduction
[2018.01.26-19.49.12:354][  0]LogMeshReduction: No automatic skeletal mesh reduction module available
[2018.01.26-19.49.12:354][  0]LogMeshReduction: No automatic mesh merging module available
[2018.01.26-19.49.12:354][  0]LogMeshMerging: No automatic mesh merging module available
[2018.01.26-19.49.13:257][  0]LogNetVersion: Prototype4 , NetCL: 3573198, EngineNetVer: 2, GameNetVer: 0 (Checksum: 2473501580)
[2018.01.26-19.49.13:753][  0]LogPackageLocalizationCache: Processed 5 localized package path(s) for 2 prioritized culture(s) in 0.066212 seconds
[2018.01.26-19.49.13:761][  0]LogUObjectArray: 35825 objects as part of root set at end of initial load.
[2018.01.26-19.49.13:761][  0]LogUObjectAllocator: 7529104 out of 0 bytes used by permanent object pool.
[2018.01.26-19.49.13:761][  0]LogUObjectArray: CloseDisregardForGC: 0/0 objects in disregard for GC pool
[2018.01.26-19.49.14:079][  0]LogInit: WinSock: version 1.1 (2.2), MaxSocks=32767, MaxUdp=65467
[2018.01.26-19.49.45:770][  0]LogTcpMessaging: Initializing TcpMessaging bridge
[2018.01.26-19.49.46:016][  0]LogUdpMessaging: Initializing bridge on interface 0.0.0.0:0 to multicast group 230.0.0.1:6666.
[2018.01.26-19.49.49:602][  0]LogMaterial: Uniform references updated for custom material expression Custom.
[2018.01.26-19.49.51:972][  0]SourceControl: Source control is disabled
[2018.01.26-19.49.51:972][  0]SourceControl: Source control is disabled
[2018.01.26-19.49.52:392][  0]SourceControl: Source control is disabled
[2018.01.26-19.49.52:750][  0]SourceControl: Source control is disabled
[2018.01.26-19.49.57:551][  0]LogAndroidPermission: UAndroidPermissionCallbackProxy::GetInstance
[2018.01.26-19.49.59:200][  0]LogOcInput: OculusInput pre-init called
[2018.01.26-19.50.00:784][  0]LogEngine: Initializing Engine...
[2018.01.26-19.50.00:791][  0]LogHMD: Failed to initialize OpenVR with code 110
[2018.01.26-19.50.01:116][  0]LogStats: UGameplayTagsManager::ConstructGameplayTagTree: Construct from data asset -  0.000 s
[2018.01.26-19.50.01:117][  0]LogStats: UGameplayTagsManager::ConstructGameplayTagTree: GameplayTagTreeChangedEvent.Broadcast -  0.000 s
[2018.01.26-19.50.02:047][  0]LogAIModule: Creating AISystem for world Untitled
[2018.01.26-19.50.02:068][  0]LogInit: XAudio2 using 'Speakers (Realtek High Definition Audio)' : 2 channels at 48 kHz using 32 bits per sample (channel mask 0x3)
[2018.01.26-19.50.02:116][  0]LogInit: FAudioDevice initialized.
[2018.01.26-19.50.02:352][  0]LogDerivedDataCache: Saved boot cache 0.24s 93MB C:/Users/b020497g/AppData/Local/UnrealEngine/4.17/DerivedDataCache/Boot.ddc.
[2018.01.26-19.50.02:372][  0]LogInit: Texture streaming: Enabled
[2018.01.26-19.50.03:360][  0]LogEngineSessionManager: EngineSessionManager initialized
[2018.01.26-19.50.05:100][  0]LogInit: Transaction tracking system initialized
[2018.01.26-19.50.07:527][  0]BlueprintLog: New page: Editor Load
[2018.01.26-19.50.14:780][  0]LocalizationService: Localization service is disabled
[2018.01.26-19.50.20:024][  0]LogConsoleResponse: Display: 
[2018.01.26-19.50.20:329][  0]LogCook: Display: Max memory allowance for cook 16384mb min free memory 0mb
[2018.01.26-19.50.20:329][  0]LogCook: Display: Mobile HDR setting 1
[2018.01.26-19.50.20:330][  0]LogGameplayTags: Display: UGameplayTagsManager::DoneAddingNativeTags. DelegateIsBound: 0
[2018.01.26-19.50.21:227][  0]LogFileCache: Scanning file cache for directory 'C:/Users/b020497g/Documents/GitHub/Prototype4/Content/' took 0.02s
[2018.01.26-19.50.27:776][  0]SourceControl: Source control is disabled
[2018.01.26-19.50.27:776][  0]Cmd: MAP LOAD FILE="../../../../../../Users/b020497g/Documents/GitHub/Prototype4/Content/FirstPersonBP/Maps/FirstPersonExampleMap.umap" TEMPLATE=0 SHOWPROGRESS=1 FEATURELEVEL=3
[2018.01.26-19.50.27:798][  0]LightingResults: New page: Lighting Build
[2018.01.26-19.50.28:255][  0]MapCheck: New page: Map Check
[2018.01.26-19.50.28:256][  0]LightingResults: New page: Lighting Build
[2018.01.26-19.50.29:540][  0]LogTexture: Display: Building textures: HQ_Lightmap1_4 (AutoDXT, 64X64)
[2018.01.26-19.50.29:540][  0]LogTexture: Display: Building textures: LQ_Lightmap_1_1 (DXT1, 2048X2048)
[2018.01.26-19.50.29:540][  0]LogTexture: Display: Building textures: LQ_Lightmap_1_3 (DXT1, 2048X2048)
[2018.01.26-19.50.29:540][  0]LogTexture: Display: Building textures: HQ_Lightmap1_2 (AutoDXT, 2048X2048)
[2018.01.26-19.50.29:540][  0]LogTexture: Display: Building textures: LQ_Lightmap_1_2 (DXT1, 2048X2048)
[2018.01.26-19.50.29:540][  0]LogTexture: Display: Building textures: HQ_Lightmap1_1 (AutoDXT, 2048X2048)
[2018.01.26-19.50.29:540][  0]LogTexture: Display: Building textures: HQ_Lightmap1_3 (AutoDXT, 2048X2048)
[2018.01.26-19.50.31:413][  0]LogTexture: Display: Building textures: LQ_Lightmap_1_4 (DXT1, 64X64)
[2018.01.26-19.50.31:413][  0]LogTexture: Display: Building textures: SkyOcclusion1_1 (AutoDXT, 2048X1024)
[2018.01.26-19.50.31:413][  0]LogTexture: Display: Building textures: SkyOcclusion1_3 (AutoDXT, 2048X1024)
[2018.01.26-19.50.31:413][  0]LogTexture: Display: Building textures: SkyOcclusion1_2 (AutoDXT, 2048X1024)
[2018.01.26-19.50.31:413][  0]LogTexture: Display: Building textures: SkyOcclusion1_4 (AutoDXT, 64X32)
[2018.01.26-19.50.31:413][  0]LogTexture: Display: Building textures: ShadowMapTexture2D_10 (G8, 1024X1024)
[2018.01.26-19.50.31:413][  0]LogTexture: Display: Building textures: ShadowMapTexture2D_11 (G8, 1024X1024)
[2018.01.26-19.50.31:413][  0]LogTexture: Display: Building textures: ShadowMapTexture2D_12 (G8, 1024X1024)
[2018.01.26-19.50.31:413][  0]LogTexture: Display: Building textures: ShadowMapTexture2D_13 (G8, 1024X1024)
[2018.01.26-19.50.31:413][  0]LogTexture: Display: Building textures: ShadowMapTexture2D_14 (G8, 32X32)
[2018.01.26-19.50.31:413][  0]LogTexture: Display: Building textures: ShadowMapTexture2D_8 (G8, 1024X1024)
[2018.01.26-19.50.31:413][  0]LogTexture: Display: Building textures: ShadowMapTexture2D_9 (G8, 1024X1024)
[2018.01.26-19.50.32:018][  0]LogAIModule: Creating AISystem for world FirstPersonExampleMap
[2018.01.26-19.50.32:044][  0]LogEditorServer: Finished looking for orphan Actors (0.000 secs)
[2018.01.26-19.50.32:077][  0]Cmd: MAP CHECKDEP NOCLEARLOG
[2018.01.26-19.50.32:271][  0]MapCheck: Map check complete: 0 Error(s), 0 Warning(s), took 194.04ms to complete.
[2018.01.26-19.50.32:271][  0]LogFileHelpers: Loading map 'FirstPersonExampleMap' took 4.495
[2018.01.26-19.50.32:890][  0]LogCollectionManager: Loaded 0 collections in 0.002940 seconds
[2018.01.26-19.50.33:109][  0]LogFileCache: Scanning file cache for directory 'C:/Users/b020497g/Documents/GitHub/Prototype4/Saved/Collections/' took 0.01s
[2018.01.26-19.50.33:109][  0]LogFileCache: Scanning file cache for directory 'C:/Users/b020497g/Documents/GitHub/Prototype4/Content/Developers/b020497g/Collections/' took 0.01s
[2018.01.26-19.50.33:109][  0]LogFileCache: Scanning file cache for directory 'C:/Users/b020497g/Documents/GitHub/Prototype4/Content/Collections/' took 0.01s
[2018.01.26-19.50.33:109][  0]LogCollectionManager: Rebuilt the GUID cache for 0 collections in 0.000001 seconds
[2018.01.26-19.50.33:136][  0]LogContentBrowser: Native class hierarchy populated in 0.0263 seconds. Added 2386 classes and 500 folders.
[2018.01.26-19.50.33:776][  0]LogContentBrowser: Native class hierarchy updated for 'WidgetCarousel' in 0.0023 seconds. Added 0 classes and 0 folders.
[2018.01.26-19.50.34:911][  0]LogContentBrowser: Native class hierarchy updated for 'AddContentDialog' in 0.0009 seconds. Added 0 classes and 0 folders.
[2018.01.26-19.50.35:199][  0]LogContentBrowser: Native class hierarchy updated for 'SceneOutliner' in 0.0023 seconds. Added 1 classes and 2 folders.
[2018.01.26-19.50.35:271][  0]LogSlate: Took 0.016480 seconds to synchronously load lazily loaded font '../../../Engine/Content/Slate/Fonts/Roboto-Regular.ttf' (155K)
[2018.01.26-19.50.35:287][  0]LogSlate: Took 0.012162 seconds to synchronously load lazily loaded font '../../../Engine/Content/Slate/Fonts/Roboto-Bold.ttf' (160K)
[2018.01.26-19.50.35:317][  0]LogSlate: Took 0.017870 seconds to synchronously load lazily loaded font '../../../Engine/Content/Editor/Slate/Fonts/FontAwesome.ttf' (139K)
[2018.01.26-19.50.35:653][  0]LogRenderer: Reallocating scene render targets to support 1208x652 Format 10 NumSamples 1 (Frame:1).
[2018.01.26-19.50.36:227][  0]LogContentBrowser: Native class hierarchy updated for 'HierarchicalLODOutliner' in 0.0022 seconds. Added 1 classes and 2 folders.
[2018.01.26-19.50.36:227][  0]LogLoad: (Engine Initialization) Total time: 111.43 seconds
[2018.01.26-19.50.36:227][  0]LogLoad: (Engine Initialization) Total Blueprint compile time: 0.00 seconds
[2018.01.26-19.50.36:228][  0]LogExternalProfiler: No external profilers were discovered.  External profiling features will not be available.
[2018.01.26-19.50.36:606][  0]LogContentStreaming: Texture pool size now 1000 MB
[2018.01.26-19.50.36:752][  0]LogSlate: Took 0.016183 seconds to synchronously load lazily loaded font '../../../Engine/Content/Slate/Fonts/Roboto-Light.ttf' (159K)
[2018.01.26-19.50.37:588][  3]LogAssetRegistry: Asset discovery search completed in 88.2279 seconds
[2018.01.26-19.50.37:594][  3]LogCollectionManager: Rebuilt the object cache for 0 collections in 0.000001 seconds (found 0 objects)
[2018.01.26-19.50.37:594][  3]LogCollectionManager: Fixed up redirectors for 0 collections in 0.000116 seconds (updated 0 objects)
[2018.01.26-19.50.37:626][  3]LogSlate: Took 0.000740 seconds to synchronously load lazily loaded font '../../../Engine/Content/Slate/Fonts/Roboto-Light.ttf' (159K)
[2018.01.26-19.52.36:567][300]LogSlate: Took 0.000228 seconds to synchronously load lazily loaded font '../../../Engine/Content/Slate/Fonts/Roboto-Light.ttf' (159K)
[2018.01.26-19.52.37:712][300]LogContentBrowser: Native class hierarchy updated for 'BlueprintGraph' in 0.0036 seconds. Added 113 classes and 0 folders.
[2018.01.26-19.52.39:945][300]LogSlate: Took 0.000531 seconds to synchronously load lazily loaded font '../../../Engine/Content/Slate/Fonts/Roboto-Regular.ttf' (155K)
[2018.01.26-19.52.40:123][300]LogSlate: Took 0.018617 seconds to synchronously load lazily loaded font '../../../Engine/Content/Editor/Slate/Fonts/Roboto-BoldCondensed.ttf' (158K)
[2018.01.26-19.52.42:126][348]LogSlate: Took 0.020968 seconds to synchronously load lazily loaded font '../../../Engine/Content/Editor/Slate/Fonts/Roboto-Italic.ttf' (157K)
[2018.01.26-19.52.47:471][548]LogBlueprint: Warning: [FirstPersonCharacter] 'FOV' variable not found. Base class was probably changed.
[2018.01.26-19.52.47:471][548]LogBlueprint: Warning: [FirstPersonCharacter] 'FOV' variable not found. Base class was probably changed.
[2018.01.26-19.52.47:471][548]LogBlueprint: Warning: [FirstPersonCharacter] 'FOV' variable not found. Base class was probably changed.
[2018.01.26-19.52.47:471][548]LogBlueprint: Warning: [FirstPersonCharacter] 'FOV' variable not found. Base class was probably changed.
[2018.01.26-19.52.47:471][548]LogBlueprint: Warning: [FirstPersonCharacter] 'FOV' variable not found. Base class was probably changed.
[2018.01.26-19.52.52:082][710]BlueprintLog: New page: Compile FirstPersonCharacter
[2018.01.26-19.53.23:819][775]BlueprintLog: New page: Compile FirstPersonCharacter
[2018.01.26-19.53.26:959][820]LogTemp: Repeating last play command: Selected Viewport
[2018.01.26-19.53.29:371][820]LogBlueprintUserMessages: Early PlayInEditor Detection: Level '/Game/FirstPersonBP/Maps/FirstPersonExampleMap.FirstPersonExampleMap:PersistentLevel' has LevelScriptBlueprint '/Game/FirstPersonBP/Maps/FirstPersonExampleMap.FirstPersonExampleMap:PersistentLevel.FirstPersonExampleMap' with GeneratedClass '/Game/FirstPersonBP/Maps/FirstPersonExampleMap.FirstPersonExampleMap_C' with ClassGeneratedBy '/Game/FirstPersonBP/Maps/FirstPersonExampleMap.FirstPersonExampleMap:PersistentLevel.FirstPersonExampleMap'
[2018.01.26-19.53.29:371][820]LogPlayLevel: PlayLevel: No blueprints needed recompiling
[2018.01.26-19.53.29:371][820]PIE: New page: PIE session: FirstPersonExampleMap (26 Jan 2018 19:53:29)
[2018.01.26-19.53.29:371][820]LogPlayLevel: Creating play world package: /Game/FirstPersonBP/Maps/UEDPIE_0_FirstPersonExampleMap
[2018.01.26-19.53.29:393][820]LogPlayLevel: PIE: StaticDuplicateObject took: (0.021712s)
[2018.01.26-19.53.29:394][820]LogAIModule: Creating AISystem for world FirstPersonExampleMap
[2018.01.26-19.53.29:394][820]LogPlayLevel: PIE: World Init took: (0.001146s)
[2018.01.26-19.53.29:395][820]LogPlayLevel: PIE: Created PIE world by copying editor world from /Game/FirstPersonBP/Maps/FirstPersonExampleMap.FirstPersonExampleMap to /Game/FirstPersonBP/Maps/UEDPIE_0_FirstPersonExampleMap.FirstPersonExampleMap (0.023237s)
[2018.01.26-19.53.29:422][820]LogInit: XAudio2 using 'Speakers (Realtek High Definition Audio)' : 2 channels at 48 kHz using 32 bits per sample (channel mask 0x3)
[2018.01.26-19.53.29:440][820]LogInit: FAudioDevice initialized.
[2018.01.26-19.53.29:484][820]LogLoad: Game class is 'FirstPersonGameMode_C'
[2018.01.26-19.53.29:494][820]LogWorld: Bringing World /Game/FirstPersonBP/Maps/UEDPIE_0_FirstPersonExampleMap.FirstPersonExampleMap up for play (max tick rate 0) at 2018.01.26-19.53.29
[2018.01.26-19.53.29:495][820]LogWorld: Bringing up level for play took: 0.006001
[2018.01.26-19.53.29:719][820]LogContentBrowser: Native class hierarchy updated for 'MovieSceneCapture' in 0.0010 seconds. Added 11 classes and 0 folders.
[2018.01.26-19.53.29:720][820]PIE: Play in editor start time for /Game/FirstPersonBP/Maps/UEDPIE_0_FirstPersonExampleMap -0.534
[2018.01.26-19.53.29:721][820]LogBlueprintUserMessages: Late PlayInEditor Detection: Level '/Game/FirstPersonBP/Maps/FirstPersonExampleMap.FirstPersonExampleMap:PersistentLevel' has LevelScriptBlueprint '/Game/FirstPersonBP/Maps/FirstPersonExampleMap.FirstPersonExampleMap:PersistentLevel.FirstPersonExampleMap' with GeneratedClass '/Game/FirstPersonBP/Maps/FirstPersonExampleMap.FirstPersonExampleMap_C' with ClassGeneratedBy '/Game/FirstPersonBP/Maps/FirstPersonExampleMap.FirstPersonExampleMap:PersistentLevel.FirstPersonExampleMap'
[2018.01.26-19.53.31:734][887]LogBlueprintUserMessages: Early EndPlayMap Detection: Level '/Game/FirstPersonBP/Maps/FirstPersonExampleMap.FirstPersonExampleMap:PersistentLevel' has LevelScriptBlueprint '/Game/FirstPersonBP/Maps/FirstPersonExampleMap.FirstPersonExampleMap:PersistentLevel.FirstPersonExampleMap' with GeneratedClass '/Game/FirstPersonBP/Maps/FirstPersonExampleMap.FirstPersonExampleMap_C' with ClassGeneratedBy '/Game/FirstPersonBP/Maps/FirstPersonExampleMap.FirstPersonExampleMap:PersistentLevel.FirstPersonExampleMap'
[2018.01.26-19.53.31:804][887]LogBlueprintUserMessages: Late EndPlayMap Detection: Level '/Game/FirstPersonBP/Maps/FirstPersonExampleMap.FirstPersonExampleMap:PersistentLevel' has LevelScriptBlueprint '/Game/FirstPersonBP/Maps/FirstPersonExampleMap.FirstPersonExampleMap:PersistentLevel.FirstPersonExampleMap' with GeneratedClass '/Game/FirstPersonBP/Maps/FirstPersonExampleMap.FirstPersonExampleMap_C' with ClassGeneratedBy '/Game/FirstPersonBP/Maps/FirstPersonExampleMap.FirstPersonExampleMap:PersistentLevel.FirstPersonExampleMap'
[2018.01.26-19.53.34:084][ 34]LogTemp: Repeating last play command: Selected Viewport
[2018.01.26-19.53.34:099][ 34]LogBlueprintUserMessages: Early PlayInEditor Detection: Level '/Game/FirstPersonBP/Maps/FirstPersonExampleMap.FirstPersonExampleMap:PersistentLevel' has LevelScriptBlueprint '/Game/FirstPersonBP/Maps/FirstPersonExampleMap.FirstPersonExampleMap:PersistentLevel.FirstPersonExampleMap' with GeneratedClass '/Game/FirstPersonBP/Maps/FirstPersonExampleMap.FirstPersonExampleMap_C' with ClassGeneratedBy '/Game/FirstPersonBP/Maps/FirstPersonExampleMap.FirstPersonExampleMap:PersistentLevel.FirstPersonExampleMap'
[2018.01.26-19.53.34:099][ 34]LogPlayLevel: PlayLevel: No blueprints needed recompiling
[2018.01.26-19.53.34:100][ 34]PIE: New page: PIE session: FirstPersonExampleMap (26 Jan 2018 19:53:34)
[2018.01.26-19.53.34:100][ 34]LogPlayLevel: Creating play world package: /Game/FirstPersonBP/Maps/UEDPIE_0_FirstPersonExampleMap
[2018.01.26-19.53.34:120][ 34]LogPlayLevel: PIE: StaticDuplicateObject took: (0.020479s)
[2018.01.26-19.53.34:121][ 34]LogAIModule: Creating AISystem for world FirstPersonExampleMap
[2018.01.26-19.53.34:121][ 34]LogPlayLevel: PIE: World Init took: (0.001021s)
[2018.01.26-19.53.34:121][ 34]LogPlayLevel: PIE: Created PIE world by copying editor world from /Game/FirstPersonBP/Maps/FirstPersonExampleMap.FirstPersonExampleMap to /Game/FirstPersonBP/Maps/UEDPIE_0_FirstPersonExampleMap.FirstPersonExampleMap (0.021839s)
[2018.01.26-19.53.34:142][ 34]LogInit: XAudio2 using 'Speakers (Realtek High Definition Audio)' : 2 channels at 48 kHz using 32 bits per sample (channel mask 0x3)
[2018.01.26-19.53.34:154][ 34]LogInit: FAudioDevice initialized.
[2018.01.26-19.53.34:186][ 34]LogLoad: Game class is 'FirstPersonGameMode_C'
[2018.01.26-19.53.34:188][ 34]LogWorld: Bringing World /Game/FirstPersonBP/Maps/UEDPIE_0_FirstPersonExampleMap.FirstPersonExampleMap up for play (max tick rate 0) at 2018.01.26-19.53.34
[2018.01.26-19.53.34:189][ 34]LogWorld: Bringing up level for play took: 0.002292
[2018.01.26-19.53.34:192][ 34]PIE: Play in editor start time for /Game/FirstPersonBP/Maps/UEDPIE_0_FirstPersonExampleMap -0.063
[2018.01.26-19.53.34:192][ 34]LogBlueprintUserMessages: Late PlayInEditor Detection: Level '/Game/FirstPersonBP/Maps/FirstPersonExampleMap.FirstPersonExampleMap:PersistentLevel' has LevelScriptBlueprint '/Game/FirstPersonBP/Maps/FirstPersonExampleMap.FirstPersonExampleMap:PersistentLevel.FirstPersonExampleMap' with GeneratedClass '/Game/FirstPersonBP/Maps/FirstPersonExampleMap.FirstPersonExampleMap_C' with ClassGeneratedBy '/Game/FirstPersonBP/Maps/FirstPersonExampleMap.FirstPersonExampleMap:PersistentLevel.FirstPersonExampleMap'
[2018.01.26-19.53.36:671][270]LogBlueprintUserMessages: Early EndPlayMap Detection: Level '/Game/FirstPersonBP/Maps/FirstPersonExampleMap.FirstPersonExampleMap:PersistentLevel' has LevelScriptBlueprint '/Game/FirstPersonBP/Maps/FirstPersonExampleMap.FirstPersonExampleMap:PersistentLevel.FirstPersonExampleMap' with GeneratedClass '/Game/FirstPersonBP/Maps/FirstPersonExampleMap.FirstPersonExampleMap_C' with ClassGeneratedBy '/Game/FirstPersonBP/Maps/FirstPersonExampleMap.FirstPersonExampleMap:PersistentLevel.FirstPersonExampleMap'
[2018.01.26-19.53.36:727][270]LogBlueprintUserMessages: Late EndPlayMap Detection: Level '/Game/FirstPersonBP/Maps/FirstPersonExampleMap.FirstPersonExampleMap:PersistentLevel' has LevelScriptBlueprint '/Game/FirstPersonBP/Maps/FirstPersonExampleMap.FirstPersonExampleMap:PersistentLevel.FirstPersonExampleMap' with GeneratedClass '/Game/FirstPersonBP/Maps/FirstPersonExampleMap.FirstPersonExampleMap_C' with ClassGeneratedBy '/Game/FirstPersonBP/Maps/FirstPersonExampleMap.FirstPersonExampleMap:PersistentLevel.FirstPersonExampleMap'
[2018.01.26-19.53.38:591][429]LogTemp: Repeating last play command: Selected Viewport
[2018.01.26-19.53.38:606][429]LogBlueprintUserMessages: Early PlayInEditor Detection: Level '/Game/FirstPersonBP/Maps/FirstPersonExampleMap.FirstPersonExampleMap:PersistentLevel' has LevelScriptBlueprint '/Game/FirstPersonBP/Maps/FirstPersonExampleMap.FirstPersonExampleMap:PersistentLevel.FirstPersonExampleMap' with GeneratedClass '/Game/FirstPersonBP/Maps/FirstPersonExampleMap.FirstPersonExampleMap_C' with ClassGeneratedBy '/Game/FirstPersonBP/Maps/FirstPersonExampleMap.FirstPersonExampleMap:PersistentLevel.FirstPersonExampleMap'
[2018.01.26-19.53.38:606][429]LogPlayLevel: PlayLevel: No blueprints needed recompiling
[2018.01.26-19.53.38:606][429]PIE: New page: PIE session: FirstPersonExampleMap (26 Jan 2018 19:53:38)
[2018.01.26-19.53.38:606][429]LogPlayLevel: Creating play world package: /Game/FirstPersonBP/Maps/UEDPIE_0_FirstPersonExampleMap
[2018.01.26-19.53.38:625][429]LogPlayLevel: PIE: StaticDuplicateObject took: (0.018655s)
[2018.01.26-19.53.38:625][429]LogAIModule: Creating AISystem for world FirstPersonExampleMap
[2018.01.26-19.53.38:626][429]LogPlayLevel: PIE: World Init took: (0.000950s)
[2018.01.26-19.53.38:626][429]LogPlayLevel: PIE: Created PIE world by copying editor world from /Game/FirstPersonBP/Maps/FirstPersonExampleMap.FirstPersonExampleMap to /Game/FirstPersonBP/Maps/UEDPIE_0_FirstPersonExampleMap.FirstPersonExampleMap (0.019933s)
[2018.01.26-19.53.38:645][429]LogInit: XAudio2 using 'Speakers (Realtek High Definition Audio)' : 2 channels at 48 kHz using 32 bits per sample (channel mask 0x3)
[2018.01.26-19.53.38:656][429]LogInit: FAudioDevice initialized.
[2018.01.26-19.53.38:692][429]LogLoad: Game class is 'FirstPersonGameMode_C'
[2018.01.26-19.53.38:698][429]LogWorld: Bringing World /Game/FirstPersonBP/Maps/UEDPIE_0_FirstPersonExampleMap.FirstPersonExampleMap up for play (max tick rate 0) at 2018.01.26-19.53.38
[2018.01.26-19.53.38:699][429]LogWorld: Bringing up level for play took: 0.005861
[2018.01.26-19.53.38:703][429]PIE: Play in editor start time for /Game/FirstPersonBP/Maps/UEDPIE_0_FirstPersonExampleMap 0.449
[2018.01.26-19.53.38:704][429]LogBlueprintUserMessages: Late PlayInEditor Detection: Level '/Game/FirstPersonBP/Maps/FirstPersonExampleMap.FirstPersonExampleMap:PersistentLevel' has LevelScriptBlueprint '/Game/FirstPersonBP/Maps/FirstPersonExampleMap.FirstPersonExampleMap:PersistentLevel.FirstPersonExampleMap' with GeneratedClass '/Game/FirstPersonBP/Maps/FirstPersonExampleMap.FirstPersonExampleMap_C' with ClassGeneratedBy '/Game/FirstPersonBP/Maps/FirstPersonExampleMap.FirstPersonExampleMap:PersistentLevel.FirstPersonExampleMap'
[2018.01.26-19.53.41:454][741]LogBlueprintUserMessages: Early EndPlayMap Detection: Level '/Game/FirstPersonBP/Maps/FirstPersonExampleMap.FirstPersonExampleMap:PersistentLevel' has LevelScriptBlueprint '/Game/FirstPersonBP/Maps/FirstPersonExampleMap.FirstPersonExampleMap:PersistentLevel.FirstPersonExampleMap' with GeneratedClass '/Game/FirstPersonBP/Maps/FirstPersonExampleMap.FirstPersonExampleMap_C' with ClassGeneratedBy '/Game/FirstPersonBP/Maps/FirstPersonExampleMap.FirstPersonExampleMap:PersistentLevel.FirstPersonExampleMap'
[2018.01.26-19.53.41:491][741]LogBlueprintUserMessages: Late EndPlayMap Detection: Level '/Game/FirstPersonBP/Maps/FirstPersonExampleMap.FirstPersonExampleMap:PersistentLevel' has LevelScriptBlueprint '/Game/FirstPersonBP/Maps/FirstPersonExampleMap.FirstPersonExampleMap:PersistentLevel.FirstPersonExampleMap' with GeneratedClass '/Game/FirstPersonBP/Maps/FirstPersonExampleMap.FirstPersonExampleMap_C' with ClassGeneratedBy '/Game/FirstPersonBP/Maps/FirstPersonExampleMap.FirstPersonExampleMap:PersistentLevel.FirstPersonExampleMap'
[2018.01.26-19.53.43:244][839]LogRenderer: Reallocating scene render targets to support 1208x1020 Format 10 NumSamples 1 (Frame:1).
[2018.01.26-19.53.48:558][225]BlueprintLog: New page: Compile FirstPersonCharacter
[2018.01.26-19.53.49:558][239]LogTemp: Repeating last play command: Selected Viewport
[2018.01.26-19.53.49:597][239]LogBlueprintUserMessages: Early PlayInEditor Detection: Level '/Game/FirstPersonBP/Maps/FirstPersonExampleMap.FirstPersonExampleMap:PersistentLevel' has LevelScriptBlueprint '/Game/FirstPersonBP/Maps/FirstPersonExampleMap.FirstPersonExampleMap:PersistentLevel.FirstPersonExampleMap' with GeneratedClass '/Game/FirstPersonBP/Maps/FirstPersonExampleMap.FirstPersonExampleMap_C' with ClassGeneratedBy '/Game/FirstPersonBP/Maps/FirstPersonExampleMap.FirstPersonExampleMap:PersistentLevel.FirstPersonExampleMap'
[2018.01.26-19.53.49:597][239]LogPlayLevel: PlayLevel: No blueprints needed recompiling
[2018.01.26-19.53.49:598][239]PIE: New page: PIE session: FirstPersonExampleMap (26 Jan 2018 19:53:49)
[2018.01.26-19.53.49:598][239]LogPlayLevel: Creating play world package: /Game/FirstPersonBP/Maps/UEDPIE_0_FirstPersonExampleMap
[2018.01.26-19.53.49:618][239]LogPlayLevel: PIE: StaticDuplicateObject took: (0.020012s)
[2018.01.26-19.53.49:619][239]LogAIModule: Creating AISystem for world FirstPersonExampleMap
[2018.01.26-19.53.49:619][239]LogPlayLevel: PIE: World Init took: (0.001066s)
[2018.01.26-19.53.49:619][239]LogPlayLevel: PIE: Created PIE world by copying editor world from /Game/FirstPersonBP/Maps/FirstPersonExampleMap.FirstPersonExampleMap to /Game/FirstPersonBP/Maps/UEDPIE_0_FirstPersonExampleMap.FirstPersonExampleMap (0.021488s)
[2018.01.26-19.53.49:642][239]LogInit: XAudio2 using 'Speakers (Realtek High Definition Audio)' : 2 channels at 48 kHz using 32 bits per sample (channel mask 0x3)
[2018.01.26-19.53.49:653][239]LogInit: FAudioDevice initialized.
[2018.01.26-19.53.49:718][239]LogLoad: Game class is 'FirstPersonGameMode_C'
[2018.01.26-19.53.49:726][239]LogWorld: Bringing World /Game/FirstPersonBP/Maps/UEDPIE_0_FirstPersonExampleMap.FirstPersonExampleMap up for play (max tick rate 0) at 2018.01.26-19.53.49
[2018.01.26-19.53.49:727][239]LogWorld: Bringing up level for play took: 0.006008
[2018.01.26-19.53.49:732][239]PIE: Play in editor start time for /Game/FirstPersonBP/Maps/UEDPIE_0_FirstPersonExampleMap -0.523
[2018.01.26-19.53.49:733][239]LogBlueprintUserMessages: Late PlayInEditor Detection: Level '/Game/FirstPersonBP/Maps/FirstPersonExampleMap.FirstPersonExampleMap:PersistentLevel' has LevelScriptBlueprint '/Game/FirstPersonBP/Maps/FirstPersonExampleMap.FirstPersonExampleMap:PersistentLevel.FirstPersonExampleMap' with GeneratedClass '/Game/FirstPersonBP/Maps/FirstPersonExampleMap.FirstPersonExampleMap_C' with ClassGeneratedBy '/Game/FirstPersonBP/Maps/FirstPersonExampleMap.FirstPersonExampleMap:PersistentLevel.FirstPersonExampleMap'
[2018.01.26-19.53.49:952][239]LogRenderer: Reallocating scene render targets to support 1292x1020 Format 10 NumSamples 1 (Frame:1).
[2018.01.26-19.53.55:787][523]LogBlueprintUserMessages: Early EndPlayMap Detection: Level '/Game/FirstPersonBP/Maps/FirstPersonExampleMap.FirstPersonExampleMap:PersistentLevel' has LevelScriptBlueprint '/Game/FirstPersonBP/Maps/FirstPersonExampleMap.FirstPersonExampleMap:PersistentLevel.FirstPersonExampleMap' with GeneratedClass '/Game/FirstPersonBP/Maps/FirstPersonExampleMap.FirstPersonExampleMap_C' with ClassGeneratedBy '/Game/FirstPersonBP/Maps/FirstPersonExampleMap.FirstPersonExampleMap:PersistentLevel.FirstPersonExampleMap'
[2018.01.26-19.53.55:853][523]LogBlueprintUserMessages: Late EndPlayMap Detection: Level '/Game/FirstPersonBP/Maps/FirstPersonExampleMap.FirstPersonExampleMap:PersistentLevel' has LevelScriptBlueprint '/Game/FirstPersonBP/Maps/FirstPersonExampleMap.FirstPersonExampleMap:PersistentLevel.FirstPersonExampleMap' with GeneratedClass '/Game/FirstPersonBP/Maps/FirstPersonExampleMap.FirstPersonExampleMap_C' with ClassGeneratedBy '/Game/FirstPersonBP/Maps/FirstPersonExampleMap.FirstPersonExampleMap:PersistentLevel.FirstPersonExampleMap'
[2018.01.26-19.54.02:001][740]LogSavePackage: Save=251.48ms
[2018.01.26-19.54.02:001][740]LogSavePackage: Moving '../../../../../../Users/b020497g/Documents/GitHub/Prototype4/Saved/FirstPersonCharacter39E4C36B46EDF9756F3C67BC043ABC9B.tmp' to '../../../../../../Users/b020497g/Documents/GitHub/Prototype4/Content/FirstPersonBP/Blueprints/FirstPersonCharacter.uasset'
[2018.01.26-19.54.02:010][740]LogSavePackage: Display: Finished SavePackage ../../../../../../Users/b020497g/Documents/GitHub/Prototype4/Content/FirstPersonBP/Blueprints/FirstPersonCharacter.uasset
[2018.01.26-19.54.03:341][834]LogSavePackage: Save=62.38ms
[2018.01.26-19.54.03:341][834]LogSavePackage: Moving '../../../../../../Users/b020497g/Documents/GitHub/Prototype4/Saved/FirstPersonExampleMap1CEE33C74D83B1F4C9DFB58E7F9D1353.tmp' to '../../../../../../Users/b020497g/Documents/GitHub/Prototype4/Content/FirstPersonBP/Maps/FirstPersonExampleMap.umap'
[2018.01.26-19.54.03:345][834]LogSavePackage: Display: Finished SavePackage ../../../../../../Users/b020497g/Documents/GitHub/Prototype4/Content/FirstPersonBP/Maps/FirstPersonExampleMap.umap
[2018.01.26-19.54.04:409][834]LogSavePackage: Save=1014.69ms
[2018.01.26-19.54.04:409][834]LogSavePackage: Moving '../../../../../../Users/b020497g/Documents/GitHub/Prototype4/Saved/FirstPersonExampleMap_BuiltData17A5CC754FED6C30F33599924A20B030.tmp' to '../../../../../../Users/b020497g/Documents/GitHub/Prototype4/Content/FirstPersonBP/Maps/FirstPersonExampleMap_BuiltData.uasset'
[2018.01.26-19.54.04:412][834]LogSavePackage: Display: Finished SavePackage ../../../../../../Users/b020497g/Documents/GitHub/Prototype4/Content/FirstPersonBP/Maps/FirstPersonExampleMap_BuiltData.uasset
