Log file open, 01/26/18 19:30:38
LogWindows: Failed to load 'aqProf.dll' (GetLastError=126)
LogWindows: File 'aqProf.dll' does not exist
LogWindows: Failed to load 'VSPerf140.dll' (GetLastError=126)
LogWindows: File 'VSPerf140.dll' does not exist
LogWindows: Failed to load 'VtuneApi.dll' (GetLastError=126)
LogWindows: File 'VtuneApi.dll' does not exist
LogWindows: Failed to load 'VtuneApi32e.dll' (GetLastError=126)
LogWindows: File 'VtuneApi32e.dll' does not exist
LogInit: Display: Running engine for game: Prototype4
LogPlatformFile: Not using cached read wrapper
LogInit: Display: RandInit(315351151) SRandInit(315351151).
LogTaskGraph: Started task graph with 5 named threads and 14 total threads with 3 sets of task threads.
LogStats: Stats thread started at 0.177865
LogD3D11RHI: Aftermath initialized
LogPluginManager: Mounting plugin Paper2D
LogPluginManager: Mounting plugin LightPropagationVolume
LogPluginManager: Mounting plugin CodeLiteSourceCodeAccess
LogPluginManager: Mounting plugin GitSourceControl
LogPluginManager: Mounting plugin KDevelopSourceCodeAccess
LogPluginManager: Mounting plugin NullSourceCodeAccess
LogPluginManager: Mounting plugin PerforceSourceControl
LogPluginManager: Mounting plugin SubversionSourceControl
LogPluginManager: Mounting plugin UObjectPlugin
LogPluginManager: Mounting plugin VisualStudioSourceCodeAccess
LogPluginManager: Mounting plugin XCodeSourceCodeAccess
LogPluginManager: Mounting plugin AssetManagerEditor
LogPluginManager: Mounting plugin AudioCapture
LogPluginManager: Mounting plugin FacialAnimation
LogPluginManager: Mounting plugin GameplayTagsEditor
LogPluginManager: Mounting plugin MobileLauncherProfileWizard
LogPluginManager: Mounting plugin PluginBrowser
LogPluginManager: Mounting plugin SpeedTreeImporter
LogPluginManager: Mounting plugin AlembicImporter
LogPluginManager: Mounting plugin CharacterAI
LogPluginManager: Mounting plugin HTML5Networking
LogPluginManager: Mounting plugin AndroidMedia
LogPluginManager: Mounting plugin AvfMedia
LogPluginManager: Mounting plugin MediaPlayerEditor
LogPluginManager: Mounting plugin WmfMedia
LogPluginManager: Mounting plugin TcpMessaging
LogPluginManager: Mounting plugin UdpMessaging
LogPluginManager: Mounting plugin LevelSequenceEditor
LogPluginManager: Mounting plugin MatineeToLevelSequence
LogPluginManager: Mounting plugin OnlineSubsystemGooglePlay
LogPluginManager: Mounting plugin OnlineSubsystemIOS
LogPluginManager: Mounting plugin OnlineSubsystem
LogPluginManager: Mounting plugin OnlineSubsystemNull
LogPluginManager: Mounting plugin OnlineSubsystemUtils
LogPluginManager: Mounting plugin AndroidDeviceProfileSelector
LogPluginManager: Mounting plugin AndroidMoviePlayer
LogPluginManager: Mounting plugin AndroidPermission
LogPluginManager: Mounting plugin AppleMoviePlayer
LogPluginManager: Mounting plugin ArchVisCharacter
LogPluginManager: Mounting plugin CableComponent
LogPluginManager: Mounting plugin CustomMeshComponent
LogPluginManager: Mounting plugin ExampleDeviceProfileSelector
LogPluginManager: Mounting plugin GoogleCloudMessaging
LogPluginManager: Mounting plugin ImmediatePhysics
LogPluginManager: Mounting plugin IOSDeviceProfileSelector
LogPluginManager: Mounting plugin LinuxDeviceProfileSelector
LogPluginManager: Mounting plugin LocationServicesBPLibrary
LogPluginManager: Mounting plugin MobilePatchingUtils
LogPluginManager: Mounting plugin OculusVR
LogPluginManager: Mounting plugin PhysXVehicles
LogPluginManager: Mounting plugin ProceduralMeshComponent
LogPluginManager: Mounting plugin RuntimePhysXCooking
LogPluginManager: Mounting plugin SteamVR
LogPluginManager: Mounting plugin WindowsMoviePlayer
LogInit: Using libcurl 7.47.1
LogInit:  - built for x86_64-pc-win32
LogInit:  - supports SSL with OpenSSL/1.0.2g
LogInit:  - supports HTTP deflate (compression) using libz 1.2.8
LogInit:  - other features:
LogInit:      CURL_VERSION_SSL
LogInit:      CURL_VERSION_LIBZ
LogInit:      CURL_VERSION_IPV6
LogInit:      CURL_VERSION_ASYNCHDNS
LogInit:      CURL_VERSION_LARGEFILE
LogInit:      CURL_VERSION_IDN
LogInit:  CurlRequestOptions (configurable via config and command line):
LogInit:  - bVerifyPeer = false  - Libcurl will NOT verify peer certificate
LogInit:  - bUseHttpProxy = false  - Libcurl will NOT use HTTP proxy
LogInit:  - bDontReuseConnections = false  - Libcurl will reuse connections
LogInit:  - CertBundlePath = nullptr  - Libcurl will use whatever was configured at build time.
LogInit: Build: ++UE4+Release-4.17-CL-3658906
LogInit: Engine Version: 4.17.2-3658906+++UE4+Release-4.17
LogInit: Compatible Engine Version: 4.17.0-3573198+++UE4+Release-4.17
LogInit: Net CL: 3573198
LogDevObjectVersion: Number of dev versions registered: 16
LogDevObjectVersion:   Dev-Blueprints (B0D832E4-1F89-4F0D-ACCF-7EB736FD4AA2): 10
LogDevObjectVersion:   Dev-Build (E1C64328-A22C-4D53-A36C-8E866417BD8C): 0
LogDevObjectVersion:   Dev-Core (375EC13C-06E4-48FB-B500-84F0262A717E): 2
LogDevObjectVersion:   Dev-Editor (E4B068ED-F494-42E9-A231-DA0B2E46BB41): 20
LogDevObjectVersion:   Dev-Framework (CFFC743F-43B0-4480-9391-14DF171D2073): 28
LogDevObjectVersion:   Dev-Mobile (B02B49B5-BB20-44E9-A304-32B752E40360): 0
LogDevObjectVersion:   Dev-Networking (A4E4105C-59A1-49B5-A7C5-40C4547EDFEE): 0
LogDevObjectVersion:   Dev-Online (39C831C9-5AE6-47DC-9A44-9C173E1C8E7C): 0
LogDevObjectVersion:   Dev-Physics (78F01B33-EBEA-4F98-B9B4-84EACCB95AA2): 0
LogDevObjectVersion:   Dev-Platform (6631380F-2D4D-43E0-8009-CF276956A95A): 0
LogDevObjectVersion:   Dev-Rendering (12F88B9F-8875-4AFC-A67C-D90C383ABD29): 19
LogDevObjectVersion:   Dev-Sequencer (7B5AE74C-D270-4C10-A958-57980B212A5A): 4
LogDevObjectVersion:   Dev-VR (D7296918-1DD6-4BDD-9DE2-64A83CC13884): 0
LogDevObjectVersion:   Dev-LoadTimes (C2A15278-BFE7-4AFE-6C17-90FF531DF755): 1
LogDevObjectVersion:   Private-Geometry (6EACA3D4-40EC-4CC1-B786-8BED09428FC5): 1
LogDevObjectVersion:   Dev-AnimPhys (29E575DD-E0A3-4627-9D10-D276232CDCEA): 7
LogInit: Compiled (64-bit): Sep 22 2017 13:47:16
LogInit: Compiled with Visual C++: 19.00.24215.01
LogInit: Build Configuration: Development
LogInit: Branch Name: ++UE4+Release-4.17
LogInit: Command line:  
LogInit: Base directory: C:/Epic/UE4/UE_4.17/Engine/Binaries/Win64/
LogInit: Installed Engine Build: 1
LogInit: Presizing for max 8388607 objects, including 0 objects not considered by GC, pre-allocating 0 bytes for permanent pool.
LogInit: Object subsystem initialized
[2018.01.26-19.30.39:897][  0]LogInit: Selected Device Profile: [Windows]
[2018.01.26-19.30.39:897][  0]LogInit: Applying CVar settings loaded from the selected device profile: [Windows]
[2018.01.26-19.30.39:915][  0]LogInit: Computer: D102-11
[2018.01.26-19.30.39:915][  0]LogInit: User: d016580f
[2018.01.26-19.30.39:915][  0]LogInit: CPU Page size=4096, Cores=4
[2018.01.26-19.30.39:915][  0]LogInit: High frequency timer resolution =3.410078 MHz
[2018.01.26-19.30.39:916][  0]LogMemory: Memory total: Physical=15.9GB (16GB approx)
[2018.01.26-19.30.39:916][  0]LogMemory: Platform Memory Stats for Windows
[2018.01.26-19.30.39:916][  0]LogMemory: Process Physical Memory: 277.71 MB used, 277.71 MB peak
[2018.01.26-19.30.39:916][  0]LogMemory: Process Virtual Memory: 274.29 MB used, 274.29 MB peak
[2018.01.26-19.30.39:916][  0]LogMemory: Physical Memory: 5500.90 MB used,  10799.34 MB free, 16300.24 MB total
[2018.01.26-19.30.39:916][  0]LogMemory: Virtual Memory: 668.77 MB used,  10799.34 MB free, 134217728.00 MB total
[2018.01.26-19.30.40:510][  0]LogInit: Using OS detected language (en-US).
[2018.01.26-19.30.40:510][  0]LogInit: Using OS detected locale (en-GB).
[2018.01.26-19.30.40:520][  0]LogTextLocalizationManager: No specific localization for 'en-US' exists, so the 'en' localization will be used.
[2018.01.26-19.30.41:527][  0]LogD3D11RHI: D3D11 adapters:
[2018.01.26-19.30.41:579][  0]LogD3D11RHI:    0. 'NVIDIA GeForce GTX 970' (Feature Level 11_0)
[2018.01.26-19.30.41:579][  0]LogD3D11RHI:       4058/0/8150 MB DedicatedVideo/DedicatedSystem/SharedSystem, Outputs:2, VendorId:0x10de
[2018.01.26-19.30.41:580][  0]LogD3D11RHI:    1. 'Microsoft Basic Render Driver' (Feature Level 11_0)
[2018.01.26-19.30.41:580][  0]LogD3D11RHI:       0/0/8150 MB DedicatedVideo/DedicatedSystem/SharedSystem, Outputs:0, VendorId:0x1414
[2018.01.26-19.30.41:580][  0]LogD3D11RHI: Chosen D3D11 Adapter: 0
[2018.01.26-19.30.41:594][  0]LogD3D11RHI: Creating new Direct3DDevice
[2018.01.26-19.30.41:594][  0]LogD3D11RHI:     GPU DeviceId: 0x13c2 (for the marketing name, search the web for "GPU Device Id")
[2018.01.26-19.30.41:595][  0]LogWindows: EnumDisplayDevices:
[2018.01.26-19.30.41:595][  0]LogWindows:    0. 'NVIDIA GeForce GTX 970' (P:1 D:1)
[2018.01.26-19.30.41:596][  0]LogWindows:    1. 'NVIDIA GeForce GTX 970' (P:0 D:1)
[2018.01.26-19.30.41:596][  0]LogWindows:    2. 'NVIDIA GeForce GTX 970' (P:0 D:0)
[2018.01.26-19.30.41:597][  0]LogWindows:    3. 'NVIDIA GeForce GTX 970' (P:0 D:0)
[2018.01.26-19.30.41:597][  0]LogWindows: DebugString: FoundDriverCount:4 
[2018.01.26-19.30.41:597][  0]LogD3D11RHI:     Adapter Name: NVIDIA GeForce GTX 970
[2018.01.26-19.30.41:597][  0]LogD3D11RHI:   Driver Version: 384.76 (internal:22.21.13.8476, unified:384.76)
[2018.01.26-19.30.41:597][  0]LogD3D11RHI:      Driver Date: 6-27-2017
[2018.01.26-19.30.41:597][  0]LogRHI: Texture pool is 1361 MB (70% of 1945 MB)
[2018.01.26-19.30.41:646][  0]LogD3D11RHI: Async texture creation enabled
[2018.01.26-19.30.41:661][  0]LogD3D11RHI: GPU Timing Frequency: 1000.000000 (Debug: 2 1)
[2018.01.26-19.30.41:667][  0]LogShaderCompilers: Guid format shader working directory is -21 characters bigger than the processId version (../../../../../../Users/d016580f/Documents/Unreal Projects/Prototype4/Intermediate/Shaders/WorkingDirectory/11588/).
[2018.01.26-19.30.41:667][  0]LogShaderCompilers: Cleaned the shader compiler working directory 'C:/Users/d016580f/AppData/Local/Temp/UnrealShaderWorkingDir/D31C0E4D410C6A8F658F3783C10EDB35/'.
[2018.01.26-19.30.41:667][  0]LogShaderCompilers: Display: Using Local Shader Compiler.
[2018.01.26-19.30.43:088][  0]LogTemp: Display: Loaded TP AllDesktopTargetPlatform
[2018.01.26-19.30.43:228][  0]LogTemp: Display: Loaded TP MacClientTargetPlatform
[2018.01.26-19.30.43:357][  0]LogTemp: Display: Loaded TP MacNoEditorTargetPlatform
[2018.01.26-19.30.43:503][  0]LogTemp: Display: Loaded TP MacServerTargetPlatform
[2018.01.26-19.30.43:621][  0]LogTemp: Display: Loaded TP MacTargetPlatform
[2018.01.26-19.30.43:771][  0]LogTemp: Display: Loaded TP WindowsClientTargetPlatform
[2018.01.26-19.30.43:911][  0]LogTemp: Display: Loaded TP WindowsNoEditorTargetPlatform
[2018.01.26-19.30.44:028][  0]LogTemp: Display: Loaded TP WindowsServerTargetPlatform
[2018.01.26-19.30.44:139][  0]LogTemp: Display: Loaded TP WindowsTargetPlatform
[2018.01.26-19.30.44:255][  0]LogTemp: Display: Loaded TP AndroidTargetPlatform
[2018.01.26-19.30.44:389][  0]LogTemp: Display: Loaded TP Android_ASTCTargetPlatform
[2018.01.26-19.30.44:542][  0]LogTemp: Display: Loaded TP Android_ATCTargetPlatform
[2018.01.26-19.30.44:692][  0]LogTemp: Display: Loaded TP Android_DXTTargetPlatform
[2018.01.26-19.30.44:809][  0]LogTemp: Display: Loaded TP Android_ETC1TargetPlatform
[2018.01.26-19.30.44:964][  0]LogTemp: Display: Loaded TP Android_ETC2TargetPlatform
[2018.01.26-19.30.45:234][  0]LogTemp: Display: Loaded TP Android_MultiTargetPlatform
[2018.01.26-19.30.45:234][  0]LogTemp: Display: Loaded TP Android_PVRTCTargetPlatform
[2018.01.26-19.30.45:350][  0]LogTemp: Display: Loaded TP HTML5TargetPlatform
[2018.01.26-19.30.45:597][  0]LogTemp: Display: Loaded TP IOSTargetPlatform
[2018.01.26-19.30.45:716][  0]LogTemp: Display: Loaded TP TVOSTargetPlatform
[2018.01.26-19.30.45:853][  0]LogTemp: Display: Loaded TP LinuxClientTargetPlatform
[2018.01.26-19.30.45:987][  0]LogTemp: Display: Loaded TP LinuxNoEditorTargetPlatform
[2018.01.26-19.30.46:171][  0]LogTemp: Display: Loaded TP LinuxServerTargetPlatform
[2018.01.26-19.30.46:304][  0]LogTemp: Display: Loaded TP LinuxTargetPlatform
[2018.01.26-19.30.46:305][  0]LogTargetPlatformManager: Display: Building Assets For Windows
[2018.01.26-19.30.47:951][  0]LogDerivedDataCache: Display: Max Cache Size: 512 MB
[2018.01.26-19.30.48:144][  0]LogDerivedDataCache: Loaded boot cache 0.19s 93MB C:/Users/d016580f/AppData/Local/UnrealEngine/4.17/DerivedDataCache/Boot.ddc.
[2018.01.26-19.30.48:145][  0]LogDerivedDataCache: Display: Loaded Boot cache: C:/Users/d016580f/AppData/Local/UnrealEngine/4.17/DerivedDataCache/Boot.ddc
[2018.01.26-19.30.48:145][  0]LogDerivedDataCache: FDerivedDataBackendGraph:  Pak pak cache file ../../../../../../Users/d016580f/Documents/Unreal Projects/Prototype4/DerivedDataCache/DDC.ddp not found, will not use a pak cache.
[2018.01.26-19.30.48:145][  0]LogDerivedDataCache: Unable to find inner node Pak for hierarchical cache Hierarchy.
[2018.01.26-19.30.48:145][  0]LogDerivedDataCache: FDerivedDataBackendGraph:  CompressedPak pak cache file ../../../../../../Users/d016580f/Documents/Unreal Projects/Prototype4/DerivedDataCache/Compressed.ddp not found, will not use a pak cache.
[2018.01.26-19.30.48:145][  0]LogDerivedDataCache: Unable to find inner node CompressedPak for hierarchical cache Hierarchy.
[2018.01.26-19.30.48:164][  0]LogDerivedDataCache: Display: Pak cache opened for reading ../../../Engine/DerivedDataCache/Compressed.ddp.
[2018.01.26-19.30.48:176][  0]LogDerivedDataCache: Using Local data cache path C:/Users/d016580f/AppData/Local/UnrealEngine/Common/DerivedDataCache: Writable
[2018.01.26-19.30.48:189][  0]LogMaterial: Verifying Global Shaders for PCD3D_SM5
[2018.01.26-19.30.48:190][  0]LogSlate: Using Freetype 2.6.0
[2018.01.26-19.30.48:191][  0]LogSlate: SlateFontCache - WITH_FREETYPE: 1, WITH_HARFBUZZ: 1
[2018.01.26-19.30.48:191][  0]LogSlate: SlateFontCache - WITH_FREETYPE: 1, WITH_HARFBUZZ: 1
[2018.01.26-19.30.48:521][  0]LogAssetRegistry: FAssetRegistry took 0.0283 seconds to start up
[2018.01.26-19.30.48:739][  0]LogInit: Selected Device Profile: [Windows]
[2018.01.26-19.30.48:911][  0]LogContentStreaming: Texture pool size is 0.00 MB
[2018.01.26-19.30.49:888][  0]LogSimplygon: Simplygon DLL not present - disabling.
[2018.01.26-19.30.50:004][  0]LogMeshReduction: Using SimplygonSwarm for distributed automatic mesh merging
[2018.01.26-19.30.50:004][  0]LogMeshReduction: Using QuadricMeshReduction for automatic static mesh reduction
[2018.01.26-19.30.50:004][  0]LogMeshReduction: No automatic skeletal mesh reduction module available
[2018.01.26-19.30.50:004][  0]LogMeshReduction: No automatic mesh merging module available
[2018.01.26-19.30.50:004][  0]LogMeshMerging: No automatic mesh merging module available
[2018.01.26-19.30.50:547][  0]LogNetVersion: Prototype4 , NetCL: 3573198, EngineNetVer: 2, GameNetVer: 0 (Checksum: 2473501580)
[2018.01.26-19.30.51:062][  0]LogPackageLocalizationCache: Processed 5 localized package path(s) for 2 prioritized culture(s) in 0.058039 seconds
[2018.01.26-19.30.51:069][  0]LogUObjectArray: 35825 objects as part of root set at end of initial load.
[2018.01.26-19.30.51:069][  0]LogUObjectAllocator: 7529112 out of 0 bytes used by permanent object pool.
[2018.01.26-19.30.51:069][  0]LogUObjectArray: CloseDisregardForGC: 0/0 objects in disregard for GC pool
[2018.01.26-19.30.51:328][  0]LogInit: WinSock: version 1.1 (2.2), MaxSocks=32767, MaxUdp=65467
[2018.01.26-19.30.57:384][  0]LogTcpMessaging: Initializing TcpMessaging bridge
[2018.01.26-19.30.57:489][  0]LogUdpMessaging: Initializing bridge on interface 0.0.0.0:0 to multicast group 230.0.0.1:6666.
[2018.01.26-19.30.59:746][  0]LogMaterial: Uniform references updated for custom material expression Custom.
[2018.01.26-19.31.01:228][  0]SourceControl: Source control is disabled
[2018.01.26-19.31.01:228][  0]SourceControl: Source control is disabled
[2018.01.26-19.31.01:417][  0]SourceControl: Source control is disabled
[2018.01.26-19.31.01:556][  0]SourceControl: Source control is disabled
[2018.01.26-19.31.03:321][  0]LogAndroidPermission: UAndroidPermissionCallbackProxy::GetInstance
[2018.01.26-19.31.04:169][  0]LogOcInput: OculusInput pre-init called
[2018.01.26-19.31.04:810][  0]LogEngine: Initializing Engine...
[2018.01.26-19.31.04:812][  0]LogHMD: Failed to initialize OpenVR with code 110
[2018.01.26-19.31.05:154][  0]LogStats: UGameplayTagsManager::ConstructGameplayTagTree: Construct from data asset -  0.000 s
[2018.01.26-19.31.05:155][  0]LogStats: UGameplayTagsManager::ConstructGameplayTagTree: GameplayTagTreeChangedEvent.Broadcast -  0.000 s
[2018.01.26-19.31.05:689][  0]LogAIModule: Creating AISystem for world Untitled
[2018.01.26-19.31.05:698][  0]LogInit: XAudio2 using 'Speakers (Realtek High Definition Audio)' : 2 channels at 48 kHz using 32 bits per sample (channel mask 0x3)
[2018.01.26-19.31.05:717][  0]LogInit: FAudioDevice initialized.
[2018.01.26-19.31.05:816][  0]LogDerivedDataCache: Saved boot cache 0.10s 93MB C:/Users/d016580f/AppData/Local/UnrealEngine/4.17/DerivedDataCache/Boot.ddc.
[2018.01.26-19.31.05:840][  0]LogInit: Texture streaming: Enabled
[2018.01.26-19.31.06:278][  0]LogEngineSessionManager: EngineSessionManager initialized
[2018.01.26-19.31.06:935][  0]LogInit: Transaction tracking system initialized
[2018.01.26-19.31.08:047][  0]BlueprintLog: New page: Editor Load
[2018.01.26-19.31.11:252][  0]LocalizationService: Localization service is disabled
[2018.01.26-19.31.14:041][  0]LogConsoleResponse: Display: 
[2018.01.26-19.31.14:322][  0]LogCook: Display: Max memory allowance for cook 16384mb min free memory 0mb
[2018.01.26-19.31.14:322][  0]LogCook: Display: Mobile HDR setting 1
[2018.01.26-19.31.14:322][  0]LogGameplayTags: Display: UGameplayTagsManager::DoneAddingNativeTags. DelegateIsBound: 0
[2018.01.26-19.31.14:517][  0]LogFileCache: Scanning file cache for directory 'C:/Users/d016580f/Documents/Unreal Projects/Prototype4/Content/' took 0.02s
[2018.01.26-19.31.18:023][  0]SourceControl: Source control is disabled
[2018.01.26-19.31.18:023][  0]Cmd: MAP LOAD FILE="../../../../../../Users/d016580f/Documents/Unreal Projects/Prototype4/Content/FirstPersonBP/Maps/FirstPersonExampleMap.umap" TEMPLATE=0 SHOWPROGRESS=1 FEATURELEVEL=3
[2018.01.26-19.31.18:024][  0]LightingResults: New page: Lighting Build
[2018.01.26-19.31.18:215][  0]MapCheck: New page: Map Check
[2018.01.26-19.31.18:215][  0]LightingResults: New page: Lighting Build
[2018.01.26-19.31.18:786][  0]LogAIModule: Creating AISystem for world FirstPersonExampleMap
[2018.01.26-19.31.18:798][  0]LogEditorServer: Finished looking for orphan Actors (0.000 secs)
[2018.01.26-19.31.18:823][  0]Cmd: MAP CHECKDEP NOCLEARLOG
[2018.01.26-19.31.18:908][  0]MapCheck: Map check complete: 0 Error(s), 0 Warning(s), took 85.292ms to complete.
[2018.01.26-19.31.18:908][  0]LogFileHelpers: Loading map 'FirstPersonExampleMap' took 0.885
[2018.01.26-19.31.19:384][  0]LogCollectionManager: Loaded 0 collections in 0.001680 seconds
[2018.01.26-19.31.19:641][  0]LogFileCache: Scanning file cache for directory 'C:/Users/d016580f/Documents/Unreal Projects/Prototype4/Saved/Collections/' took 0.01s
[2018.01.26-19.31.19:641][  0]LogFileCache: Scanning file cache for directory 'C:/Users/d016580f/Documents/Unreal Projects/Prototype4/Content/Developers/d016580f/Collections/' took 0.01s
[2018.01.26-19.31.19:641][  0]LogFileCache: Scanning file cache for directory 'C:/Users/d016580f/Documents/Unreal Projects/Prototype4/Content/Collections/' took 0.01s
[2018.01.26-19.31.19:642][  0]LogCollectionManager: Rebuilt the GUID cache for 0 collections in 0.000001 seconds
[2018.01.26-19.31.19:663][  0]LogContentBrowser: Native class hierarchy populated in 0.0212 seconds. Added 2387 classes and 502 folders.
[2018.01.26-19.31.19:933][  0]LogContentBrowser: Native class hierarchy updated for 'WidgetCarousel' in 0.0011 seconds. Added 0 classes and 0 folders.
[2018.01.26-19.31.19:994][  0]LogContentBrowser: Native class hierarchy updated for 'AddContentDialog' in 0.0009 seconds. Added 0 classes and 0 folders.
[2018.01.26-19.31.20:024][  0]LogSlate: Took 0.000454 seconds to synchronously load lazily loaded font '../../../Engine/Content/Slate/Fonts/Roboto-Regular.ttf' (155K)
[2018.01.26-19.31.20:028][  0]LogSlate: Took 0.000531 seconds to synchronously load lazily loaded font '../../../Engine/Content/Slate/Fonts/Roboto-Bold.ttf' (160K)
[2018.01.26-19.31.20:037][  0]LogSlate: Took 0.000362 seconds to synchronously load lazily loaded font '../../../Engine/Content/Editor/Slate/Fonts/FontAwesome.ttf' (139K)
[2018.01.26-19.31.20:156][  0]LogRenderer: Reallocating scene render targets to support 1208x1044 Format 10 NumSamples 1 (Frame:1).
[2018.01.26-19.31.20:588][  0]LogContentBrowser: Native class hierarchy updated for 'HierarchicalLODOutliner' in 0.0021 seconds. Added 1 classes and 2 folders.
[2018.01.26-19.31.20:588][  0]LogLoad: (Engine Initialization) Total time: 43.50 seconds
[2018.01.26-19.31.20:588][  0]LogLoad: (Engine Initialization) Total Blueprint compile time: 0.00 seconds
[2018.01.26-19.31.20:589][  0]LogExternalProfiler: No external profilers were discovered.  External profiling features will not be available.
[2018.01.26-19.31.20:602][  0]LogWindowsTextInputMethodSystem: Display: IME system now deactivated.
[2018.01.26-19.31.20:633][  0]LogContentStreaming: Texture pool size now 1000 MB
[2018.01.26-19.31.20:695][  0]LogSlate: Took 0.000361 seconds to synchronously load lazily loaded font '../../../Engine/Content/Slate/Fonts/Roboto-Light.ttf' (159K)
[2018.01.26-19.31.20:733][  2]LogAssetRegistry: Asset discovery search completed in 32.2332 seconds
[2018.01.26-19.31.20:736][  2]LogCollectionManager: Rebuilt the object cache for 0 collections in 0.000001 seconds (found 0 objects)
[2018.01.26-19.31.20:736][  2]LogCollectionManager: Fixed up redirectors for 0 collections in 0.000076 seconds (updated 0 objects)
[2018.01.26-19.31.21:619][ 96]LogSlate: Took 0.000326 seconds to synchronously load lazily loaded font '../../../Engine/Content/Slate/Fonts/Roboto-Light.ttf' (159K)
[2018.01.26-19.34.16:734][663]LogTemp: Repeating last play command: Selected Viewport
[2018.01.26-19.34.16:806][663]LogBlueprintUserMessages: Early PlayInEditor Detection: Level '/Game/FirstPersonBP/Maps/FirstPersonExampleMap.FirstPersonExampleMap:PersistentLevel' has LevelScriptBlueprint '/Game/FirstPersonBP/Maps/FirstPersonExampleMap.FirstPersonExampleMap:PersistentLevel.FirstPersonExampleMap' with GeneratedClass '/Game/FirstPersonBP/Maps/FirstPersonExampleMap.FirstPersonExampleMap_C' with ClassGeneratedBy '/Game/FirstPersonBP/Maps/FirstPersonExampleMap.FirstPersonExampleMap:PersistentLevel.FirstPersonExampleMap'
[2018.01.26-19.34.16:806][663]LogPlayLevel: PlayLevel: No blueprints needed recompiling
[2018.01.26-19.34.16:807][663]PIE: New page: PIE session: FirstPersonExampleMap (26 Jan 2018 19:34:16)
[2018.01.26-19.34.16:807][663]LogPlayLevel: Creating play world package: /Game/FirstPersonBP/Maps/UEDPIE_0_FirstPersonExampleMap
[2018.01.26-19.34.16:833][663]LogPlayLevel: PIE: StaticDuplicateObject took: (0.026275s)
[2018.01.26-19.34.16:834][663]LogAIModule: Creating AISystem for world FirstPersonExampleMap
[2018.01.26-19.34.16:834][663]LogPlayLevel: PIE: World Init took: (0.000891s)
[2018.01.26-19.34.16:835][663]LogPlayLevel: PIE: Created PIE world by copying editor world from /Game/FirstPersonBP/Maps/FirstPersonExampleMap.FirstPersonExampleMap to /Game/FirstPersonBP/Maps/UEDPIE_0_FirstPersonExampleMap.FirstPersonExampleMap (0.027616s)
[2018.01.26-19.34.16:852][663]LogInit: XAudio2 using 'Speakers (Realtek High Definition Audio)' : 2 channels at 48 kHz using 32 bits per sample (channel mask 0x3)
[2018.01.26-19.34.16:867][663]LogInit: FAudioDevice initialized.
[2018.01.26-19.34.16:916][663]LogLoad: Game class is 'FirstPersonGameMode_C'
[2018.01.26-19.34.16:919][663]LogWorld: Bringing World /Game/FirstPersonBP/Maps/UEDPIE_0_FirstPersonExampleMap.FirstPersonExampleMap up for play (max tick rate 0) at 2018.01.26-19.34.16
[2018.01.26-19.34.16:920][663]LogWorld: Bringing up level for play took: 0.002288
[2018.01.26-19.34.17:045][663]LogContentBrowser: Native class hierarchy updated for 'MovieSceneCapture' in 0.0009 seconds. Added 11 classes and 0 folders.
[2018.01.26-19.34.17:046][663]PIE: Play in editor start time for /Game/FirstPersonBP/Maps/UEDPIE_0_FirstPersonExampleMap 0.033
[2018.01.26-19.34.17:046][663]LogBlueprintUserMessages: Late PlayInEditor Detection: Level '/Game/FirstPersonBP/Maps/FirstPersonExampleMap.FirstPersonExampleMap:PersistentLevel' has LevelScriptBlueprint '/Game/FirstPersonBP/Maps/FirstPersonExampleMap.FirstPersonExampleMap:PersistentLevel.FirstPersonExampleMap' with GeneratedClass '/Game/FirstPersonBP/Maps/FirstPersonExampleMap.FirstPersonExampleMap_C' with ClassGeneratedBy '/Game/FirstPersonBP/Maps/FirstPersonExampleMap.FirstPersonExampleMap:PersistentLevel.FirstPersonExampleMap'
[2018.01.26-19.34.19:576][946]LogBlueprintUserMessages: Early EndPlayMap Detection: Level '/Game/FirstPersonBP/Maps/FirstPersonExampleMap.FirstPersonExampleMap:PersistentLevel' has LevelScriptBlueprint '/Game/FirstPersonBP/Maps/FirstPersonExampleMap.FirstPersonExampleMap:PersistentLevel.FirstPersonExampleMap' with GeneratedClass '/Game/FirstPersonBP/Maps/FirstPersonExampleMap.FirstPersonExampleMap_C' with ClassGeneratedBy '/Game/FirstPersonBP/Maps/FirstPersonExampleMap.FirstPersonExampleMap:PersistentLevel.FirstPersonExampleMap'
[2018.01.26-19.34.19:609][946]LogBlueprintUserMessages: Late EndPlayMap Detection: Level '/Game/FirstPersonBP/Maps/FirstPersonExampleMap.FirstPersonExampleMap:PersistentLevel' has LevelScriptBlueprint '/Game/FirstPersonBP/Maps/FirstPersonExampleMap.FirstPersonExampleMap:PersistentLevel.FirstPersonExampleMap' with GeneratedClass '/Game/FirstPersonBP/Maps/FirstPersonExampleMap.FirstPersonExampleMap_C' with ClassGeneratedBy '/Game/FirstPersonBP/Maps/FirstPersonExampleMap.FirstPersonExampleMap:PersistentLevel.FirstPersonExampleMap'
[2018.01.26-19.34.32:361][ 92]LogTemp: Repeating last play command: Selected Viewport
[2018.01.26-19.34.32:375][ 92]LogBlueprintUserMessages: Early PlayInEditor Detection: Level '/Game/FirstPersonBP/Maps/FirstPersonExampleMap.FirstPersonExampleMap:PersistentLevel' has LevelScriptBlueprint '/Game/FirstPersonBP/Maps/FirstPersonExampleMap.FirstPersonExampleMap:PersistentLevel.FirstPersonExampleMap' with GeneratedClass '/Game/FirstPersonBP/Maps/FirstPersonExampleMap.FirstPersonExampleMap_C' with ClassGeneratedBy '/Game/FirstPersonBP/Maps/FirstPersonExampleMap.FirstPersonExampleMap:PersistentLevel.FirstPersonExampleMap'
[2018.01.26-19.34.32:375][ 92]LogPlayLevel: PlayLevel: No blueprints needed recompiling
[2018.01.26-19.34.32:375][ 92]PIE: New page: PIE session: FirstPersonExampleMap (26 Jan 2018 19:34:32)
[2018.01.26-19.34.32:375][ 92]LogPlayLevel: Creating play world package: /Game/FirstPersonBP/Maps/UEDPIE_0_FirstPersonExampleMap
[2018.01.26-19.34.32:393][ 92]LogPlayLevel: PIE: StaticDuplicateObject took: (0.018012s)
[2018.01.26-19.34.32:394][ 92]LogAIModule: Creating AISystem for world FirstPersonExampleMap
[2018.01.26-19.34.32:394][ 92]LogPlayLevel: PIE: World Init took: (0.000854s)
[2018.01.26-19.34.32:394][ 92]LogPlayLevel: PIE: Created PIE world by copying editor world from /Game/FirstPersonBP/Maps/FirstPersonExampleMap.FirstPersonExampleMap to /Game/FirstPersonBP/Maps/UEDPIE_0_FirstPersonExampleMap.FirstPersonExampleMap (0.019161s)
[2018.01.26-19.34.32:406][ 92]LogInit: XAudio2 using 'Speakers (Realtek High Definition Audio)' : 2 channels at 48 kHz using 32 bits per sample (channel mask 0x3)
[2018.01.26-19.34.32:416][ 92]LogInit: FAudioDevice initialized.
[2018.01.26-19.34.32:449][ 92]LogLoad: Game class is 'FirstPersonGameMode_C'
[2018.01.26-19.34.32:454][ 92]LogWorld: Bringing World /Game/FirstPersonBP/Maps/UEDPIE_0_FirstPersonExampleMap.FirstPersonExampleMap up for play (max tick rate 0) at 2018.01.26-19.34.32
[2018.01.26-19.34.32:455][ 92]LogWorld: Bringing up level for play took: 0.004245
[2018.01.26-19.34.32:457][ 92]PIE: Play in editor start time for /Game/FirstPersonBP/Maps/UEDPIE_0_FirstPersonExampleMap -0.555
[2018.01.26-19.34.32:458][ 92]LogBlueprintUserMessages: Late PlayInEditor Detection: Level '/Game/FirstPersonBP/Maps/FirstPersonExampleMap.FirstPersonExampleMap:PersistentLevel' has LevelScriptBlueprint '/Game/FirstPersonBP/Maps/FirstPersonExampleMap.FirstPersonExampleMap:PersistentLevel.FirstPersonExampleMap' with GeneratedClass '/Game/FirstPersonBP/Maps/FirstPersonExampleMap.FirstPersonExampleMap_C' with ClassGeneratedBy '/Game/FirstPersonBP/Maps/FirstPersonExampleMap.FirstPersonExampleMap:PersistentLevel.FirstPersonExampleMap'
[2018.01.26-19.34.35:134][405]LogBlueprintUserMessages: Early EndPlayMap Detection: Level '/Game/FirstPersonBP/Maps/FirstPersonExampleMap.FirstPersonExampleMap:PersistentLevel' has LevelScriptBlueprint '/Game/FirstPersonBP/Maps/FirstPersonExampleMap.FirstPersonExampleMap:PersistentLevel.FirstPersonExampleMap' with GeneratedClass '/Game/FirstPersonBP/Maps/FirstPersonExampleMap.FirstPersonExampleMap_C' with ClassGeneratedBy '/Game/FirstPersonBP/Maps/FirstPersonExampleMap.FirstPersonExampleMap:PersistentLevel.FirstPersonExampleMap'
[2018.01.26-19.34.35:167][405]LogBlueprintUserMessages: Late EndPlayMap Detection: Level '/Game/FirstPersonBP/Maps/FirstPersonExampleMap.FirstPersonExampleMap:PersistentLevel' has LevelScriptBlueprint '/Game/FirstPersonBP/Maps/FirstPersonExampleMap.FirstPersonExampleMap:PersistentLevel.FirstPersonExampleMap' with GeneratedClass '/Game/FirstPersonBP/Maps/FirstPersonExampleMap.FirstPersonExampleMap_C' with ClassGeneratedBy '/Game/FirstPersonBP/Maps/FirstPersonExampleMap.FirstPersonExampleMap:PersistentLevel.FirstPersonExampleMap'
[2018.01.26-19.35.14:920][272]LogEditorViewport: Clicking on Actor (LMB): FirstPersonCharacter_C (FirstPersonCharacter)
[2018.01.26-19.35.15:935][365]LogSlate: Took 0.000327 seconds to synchronously load lazily loaded font '../../../Engine/Content/Editor/Slate/Fonts/Roboto-Italic.ttf' (157K)
[2018.01.26-19.40.30:581][267]LogSlate: Took 0.000208 seconds to synchronously load lazily loaded font '../../../Engine/Content/Slate/Fonts/Roboto-Light.ttf' (159K)
[2018.01.26-19.40.38:579][832]LogContentBrowser: Native class hierarchy updated for 'BlueprintGraph' in 0.0011 seconds. Added 113 classes and 0 folders.
[2018.01.26-19.40.39:310][832]LogSlate: Took 0.000399 seconds to synchronously load lazily loaded font '../../../Engine/Content/Slate/Fonts/Roboto-Regular.ttf' (155K)
[2018.01.26-19.40.47:224][451]Cmd: OBJ SAVEPACKAGE PACKAGE="/Game/targets/Target" FILE="../../../../../../Users/d016580f/Documents/Unreal Projects/Prototype4/Content/targets/Target.uasset" SILENT=true
[2018.01.26-19.40.47:235][451]LogSavePackage: Save=8.94ms
[2018.01.26-19.40.47:235][451]LogSavePackage: Moving '../../../../../../Users/d016580f/Documents/Unreal Projects/Prototype4/Saved/Target7DBE07914E5BA73001FD4E82B168C0E5.tmp' to '../../../../../../Users/d016580f/Documents/Unreal Projects/Prototype4/Content/targets/Target.uasset'
[2018.01.26-19.40.47:242][451]LogSavePackage: Display: Finished SavePackage ../../../../../../Users/d016580f/Documents/Unreal Projects/Prototype4/Content/targets/Target.uasset
[2018.01.26-19.41.09:174][404]BlueprintLog: New page: Compile Target
[2018.01.26-19.41.13:666][781]Cmd: OBJ SAVEPACKAGE PACKAGE="/Game/targets/Target" FILE="../../../../../../Users/d016580f/Documents/Unreal Projects/Prototype4/Content/targets/Target.uasset" SILENT=true
[2018.01.26-19.41.13:676][781]LogSavePackage: Save=7.05ms
[2018.01.26-19.41.13:676][781]LogSavePackage: Moving '../../../../../../Users/d016580f/Documents/Unreal Projects/Prototype4/Saved/TargetD36302014AD91C62C81B55A038D79BBA.tmp' to '../../../../../../Users/d016580f/Documents/Unreal Projects/Prototype4/Content/targets/Target.uasset'
[2018.01.26-19.41.13:678][781]LogSavePackage: Display: Finished SavePackage ../../../../../../Users/d016580f/Documents/Unreal Projects/Prototype4/Content/targets/Target.uasset
[2018.01.26-19.41.15:433][942]LogSlate: Took 0.000244 seconds to synchronously load lazily loaded font '../../../Engine/Content/Editor/Slate/Fonts/Roboto-BoldCondensed.ttf' (158K)
[2018.01.26-19.41.18:631][238]BlueprintLog: New page: Compile Target
[2018.01.26-19.41.36:039][715]BlueprintLog: New page: Compile Target
[2018.01.26-19.41.38:418][909]Cmd: OBJ SAVEPACKAGE PACKAGE="/Game/targets/Target" FILE="../../../../../../Users/d016580f/Documents/Unreal Projects/Prototype4/Content/targets/Target.uasset" SILENT=true
[2018.01.26-19.41.38:426][909]LogSavePackage: Save=5.85ms
[2018.01.26-19.41.38:426][909]LogSavePackage: Moving '../../../../../../Users/d016580f/Documents/Unreal Projects/Prototype4/Saved/Target2914EA904D4958CE927BF5B808EAE734.tmp' to '../../../../../../Users/d016580f/Documents/Unreal Projects/Prototype4/Content/targets/Target.uasset'
[2018.01.26-19.41.38:430][909]LogSavePackage: Display: Finished SavePackage ../../../../../../Users/d016580f/Documents/Unreal Projects/Prototype4/Content/targets/Target.uasset
[2018.01.26-19.42.00:767][530]BlueprintLog: New page: Compile GM_Sniper
[2018.01.26-19.42.17:421][987]BlueprintLog: New page: Compile GM_Sniper
[2018.01.26-19.42.17:835][  4]Cmd: OBJ SAVEPACKAGE PACKAGE="/Game/GM_Sniper" FILE="../../../../../../Users/d016580f/Documents/Unreal Projects/Prototype4/Content/GM_Sniper.uasset" SILENT=true
[2018.01.26-19.42.17:849][  4]LogSavePackage: Save=11.47ms
[2018.01.26-19.42.17:849][  4]LogSavePackage: Moving '../../../../../../Users/d016580f/Documents/Unreal Projects/Prototype4/Saved/GM_Sniper08A864474D7C99715046B6B9A105DCDF.tmp' to '../../../../../../Users/d016580f/Documents/Unreal Projects/Prototype4/Content/GM_Sniper.uasset'
[2018.01.26-19.42.17:851][  4]LogSavePackage: Display: Finished SavePackage ../../../../../../Users/d016580f/Documents/Unreal Projects/Prototype4/Content/GM_Sniper.uasset
[2018.01.26-19.43.23:046][834]BlueprintLog: New page: Compile BaseManagers
[2018.01.26-19.43.24:855][986]Cmd: OBJ SAVEPACKAGE PACKAGE="/Game/Managers/BaseManagers" FILE="../../../../../../Users/d016580f/Documents/Unreal Projects/Prototype4/Content/Managers/BaseManagers.uasset" SILENT=true
[2018.01.26-19.43.24:863][986]LogSavePackage: Save=6.15ms
[2018.01.26-19.43.24:863][986]LogSavePackage: Moving '../../../../../../Users/d016580f/Documents/Unreal Projects/Prototype4/Saved/BaseManagers5085326646B02A55810E32B39F1871FC.tmp' to '../../../../../../Users/d016580f/Documents/Unreal Projects/Prototype4/Content/Managers/BaseManagers.uasset'
[2018.01.26-19.43.24:865][986]LogSavePackage: Display: Finished SavePackage ../../../../../../Users/d016580f/Documents/Unreal Projects/Prototype4/Content/Managers/BaseManagers.uasset
[2018.01.26-19.43.49:527][217]Cmd: OBJ SAVEPACKAGE PACKAGE="/Game/Managers/BaseManagers" FILE="../../../../../../Users/d016580f/Documents/Unreal Projects/Prototype4/Content/Managers/BaseManagers.uasset" SILENT=true
[2018.01.26-19.43.49:535][217]LogSavePackage: Save=4.90ms
[2018.01.26-19.43.49:535][217]LogSavePackage: Moving '../../../../../../Users/d016580f/Documents/Unreal Projects/Prototype4/Saved/BaseManagersEB5D7C134512B01C8D022990A83C0AD4.tmp' to '../../../../../../Users/d016580f/Documents/Unreal Projects/Prototype4/Content/Managers/BaseManagers.uasset'
[2018.01.26-19.43.49:537][217]LogSavePackage: Display: Finished SavePackage ../../../../../../Users/d016580f/Documents/Unreal Projects/Prototype4/Content/Managers/BaseManagers.uasset
[2018.01.26-19.43.54:955][711]BlueprintLog: New page: Compile IManager
[2018.01.26-19.44.25:573][828]LogSlate: Warning: Prevented a slow task dialog from being summoned while a context menu was open
[2018.01.26-19.44.30:942][285]BlueprintLog: New page: Compile TargetManager
[2018.01.26-19.44.31:598][321]LogSavePackage: Save=11.76ms
[2018.01.26-19.44.31:598][321]LogSavePackage: Moving '../../../../../../Users/d016580f/Documents/Unreal Projects/Prototype4/Saved/TargetManagerC8BA53D7495F8B4290504A8E720953F6.tmp' to '../../../../../../Users/d016580f/Documents/Unreal Projects/Prototype4/Content/Managers/TargetManager/TargetManager.uasset'
[2018.01.26-19.44.31:601][321]LogSavePackage: Display: Finished SavePackage ../../../../../../Users/d016580f/Documents/Unreal Projects/Prototype4/Content/Managers/TargetManager/TargetManager.uasset
[2018.01.26-19.44.39:429][994]LogSavePackage: Save=9.23ms
[2018.01.26-19.44.39:429][994]LogSavePackage: Moving '../../../../../../Users/d016580f/Documents/Unreal Projects/Prototype4/Saved/TargetManager28F27FBF4C2167E2D0CA05A7ACE106F7.tmp' to '../../../../../../Users/d016580f/Documents/Unreal Projects/Prototype4/Content/Managers/TargetManager/TargetManager.uasset'
[2018.01.26-19.44.39:430][994]LogSavePackage: Display: Finished SavePackage ../../../../../../Users/d016580f/Documents/Unreal Projects/Prototype4/Content/Managers/TargetManager/TargetManager.uasset
[2018.01.26-19.44.42:546][266]Cmd: OBJ SAVEPACKAGE PACKAGE="/Game/Managers/IManager" FILE="../../../../../../Users/d016580f/Documents/Unreal Projects/Prototype4/Content/Managers/IManager.uasset" SILENT=true
[2018.01.26-19.44.42:552][266]LogSavePackage: Save=3.66ms
[2018.01.26-19.44.42:552][266]LogSavePackage: Moving '../../../../../../Users/d016580f/Documents/Unreal Projects/Prototype4/Saved/IManager9CEB33CF476396A7EA590BBFE4B1B3A3.tmp' to '../../../../../../Users/d016580f/Documents/Unreal Projects/Prototype4/Content/Managers/IManager.uasset'
[2018.01.26-19.44.42:555][266]LogSavePackage: Display: Finished SavePackage ../../../../../../Users/d016580f/Documents/Unreal Projects/Prototype4/Content/Managers/IManager.uasset
